[0616/183635.420:ERROR:process_memory_win.cc(73)] ReadMemory at 0x7ff6e41c6000 of 16 bytes failed: Only part of a ReadProcessMemory or WriteProcessMemory request was completed. (0x12B)
[0616/183635.420:WARNING:pe_image_resource_reader.cc(241)] could not read resource directory from C:\Program Files (x86)\Google\Chrome\Application\chrome.exe resources
[0616/183635.420:ERROR:process_memory_win.cc(73)] ReadMemory at 0x7fff02010000 of 64 bytes failed: Only part of a ReadProcessMemory or WriteProcessMemory request was completed. (0x12B)
[0616/183635.420:WARNING:pe_image_reader.cc(340)] could not read dos header from C:\WINDOWS\SYSTEM32\ntdll.dll
[0616/183635.420:ERROR:process_memory_win.cc(73)] ReadMemory at 0x7fff01a20000 of 64 bytes failed: Only part of a ReadProcessMemory or WriteProcessMemory request was completed. (0x12B)
[0616/183635.420:WARNING:pe_image_reader.cc(340)] could not read dos header from C:\WINDOWS\system32\KERNEL32.DLL
[0616/183635.420:ERROR:process_memory_win.cc(73)] ReadMemory at 0x7ffeff4a0000 of 64 bytes failed: Only part of a ReadProcessMemory or WriteProcessMemory request was completed. (0x12B)
[0616/183635.420:WARNING:pe_image_reader.cc(340)] could not read dos header from C:\WINDOWS\system32\KERNELBASE.dll
[0616/183635.420:ERROR:process_memory_win.cc(73)] ReadMemory at 0x7ffef1810000 of 64 bytes failed: Only part of a ReadProcessMemory or WriteProcessMemory request was completed. (0x12B)
[0616/183635.420:WARNING:pe_image_reader.cc(340)] could not read dos header from C:\Program Files (x86)\Google\Chrome\Application\75.0.3770.90\chrome_elf.dll
[0616/183635.420:ERROR:process_memory_win.cc(73)] ReadMemory at 0x7ffeff920000 of 64 bytes failed: Only part of a ReadProcessMemory or WriteProcessMemory request was completed. (0x12B)
[0616/183635.420:WARNING:pe_image_reader.cc(340)] could not read dos header from C:\WINDOWS\system32\SHELL32.dll
[0616/183635.420:ERROR:process_memory_win.cc(73)] ReadMemory at 0x7fff01bd0000 of 64 bytes failed: Only part of a ReadProcessMemory or WriteProcessMemory request was completed. (0x12B)
[0616/183635.420:WARNING:pe_image_reader.cc(340)] could not read dos header from C:\WINDOWS\system32\ADVAPI32.dll
[0616/183635.420:ERROR:process_memory_win.cc(73)] ReadMemory at 0x7fff01620000 of 64 bytes failed: Only part of a ReadProcessMemory or WriteProcessMemory request was completed. (0x12B)
[0616/183635.420:WARNING:pe_image_reader.cc(340)] could not read dos header from C:\WINDOWS\system32\USER32.dll
[0616/183635.420:ERROR:process_memory_win.cc(73)] ReadMemory at 0x7ffef9460000 of 64 bytes failed: Only part of a ReadProcessMemory or WriteProcessMemory request was completed. (0x12B)
[0616/183635.420:WARNING:pe_image_reader.cc(340)] could not read dos header from C:\WINDOWS\SYSTEM32\VERSION.dll
[0616/183635.420:ERROR:process_memory_win.cc(73)] ReadMemory at 0x7ffeff8c0000 of 64 bytes failed: Only part of a ReadProcessMemory or WriteProcessMemory request was completed. (0x12B)
[0616/183635.420:WARNING:pe_image_reader.cc(340)] could not read dos header from C:\WINDOWS\system32\SHLWAPI.dll
[0616/183635.420:ERROR:process_memory_win.cc(73)] ReadMemory at 0x7ffefa460000 of 64 bytes failed: Only part of a ReadProcessMemory or WriteProcessMemory request was completed. (0x12B)
[0616/183635.420:WARNING:pe_image_reader.cc(340)] could not read dos header from C:\WINDOWS\SYSTEM32\WINMM.dll
[0616/183635.420:ERROR:process_memory_win.cc(73)] ReadMemory at 0x7ffefe700000 of 64 bytes failed: Only part of a ReadProcessMemory or WriteProcessMemory request was completed. (0x12B)
[0616/183635.420:WARNING:pe_image_reader.cc(340)] could not read dos header from C:\WINDOWS\SYSTEM32\USERENV.dll
[0616/183635.420:ERROR:process_memory_win.cc(73)] ReadMemory at 0x7fff01410000 of 64 bytes failed: Only part of a ReadProcessMemory or WriteProcessMemory request was completed. (0x12B)
[0616/183635.420:WARNING:pe_image_reader.cc(340)] could not read dos header from C:\WINDOWS\system32\msvcrt.dll
[0616/183635.420:ERROR:process_memory_win.cc(73)] ReadMemory at 0x7fff01810000 of 64 bytes failed: Only part of a ReadProcessMemory or WriteProcessMemory request was completed. (0x12B)
[0616/183635.420:WARNING:pe_image_reader.cc(340)] could not read dos header from C:\WINDOWS\SYSTEM32\combase.dll
[0616/183635.420:ERROR:process_memory_win.cc(73)] ReadMemory at 0x7fff00e50000 of 64 bytes failed: Only part of a ReadProcessMemory or WriteProcessMemory request was completed. (0x12B)
[0616/183635.420:WARNING:pe_image_reader.cc(340)] could not read dos header from C:\WINDOWS\system32\GDI32.dll
[0616/183635.420:ERROR:process_memory_win.cc(73)] ReadMemory at 0x7fff017b0000 of 64 bytes failed: Only part of a ReadProcessMemory or WriteProcessMemory request was completed. (0x12B)
[0616/183635.420:WARNING:pe_image_reader.cc(340)] could not read dos header from C:\WINDOWS\SYSTEM32\sechost.dll
[0616/183635.420:ERROR:process_memory_win.cc(73)] ReadMemory at 0x7fff01e10000 of 64 bytes failed: Only part of a ReadProcessMemory or WriteProcessMemory request was completed. (0x12B)
[0616/183635.420:WARNING:pe_image_reader.cc(340)] could not read dos header from C:\WINDOWS\system32\RPCRT4.dll
[0616/183635.420:ERROR:process_memory_win.cc(73)] ReadMemory at 0x7ffefa330000 of 64 bytes failed: Only part of a ReadProcessMemory or WriteProcessMemory request was completed. (0x12B)
[0616/183635.420:WARNING:pe_image_reader.cc(340)] could not read dos header from C:\WINDOWS\SYSTEM32\WINMMBASE.dll
[0616/183635.420:ERROR:process_memory_win.cc(73)] ReadMemory at 0x7ffeff140000 of 64 bytes failed: Only part of a ReadProcessMemory or WriteProcessMemory request was completed. (0x12B)
[0616/183635.420:WARNING:pe_image_reader.cc(340)] could not read dos header from C:\WINDOWS\SYSTEM32\profapi.dll
[0616/183635.420:ERROR:process_memory_win.cc(73)] ReadMemory at 0x7ffeff5c0000 of 64 bytes failed: Only part of a ReadProcessMemory or WriteProcessMemory request was completed. (0x12B)
[0616/183635.420:WARNING:pe_image_reader.cc(340)] could not read dos header from C:\WINDOWS\system32\SspiCli.dll
[0616/183635.420:ERROR:process_memory_win.cc(73)] ReadMemory at 0x7ffeff3f0000 of 64 bytes failed: Only part of a ReadProcessMemory or WriteProcessMemory request was completed. (0x12B)
[0616/183635.420:WARNING:pe_image_reader.cc(340)] could not read dos header from C:\WINDOWS\SYSTEM32\cfgmgr32.dll
[0616/183635.420:ERROR:process_memory_win.cc(73)] ReadMemory at 0x7ffefdf80000 of 64 bytes failed: Only part of a ReadProcessMemory or WriteProcessMemory request was completed. (0x12B)
[0616/183635.420:WARNING:pe_image_reader.cc(340)] could not read dos header from C:\WINDOWS\SYSTEM32\DEVOBJ.dll
[0616/183635.420:ERROR:process_memory_win.cc(73)] ReadMemory at 0x7ffefefb0000 of 64 bytes failed: Only part of a ReadProcessMemory or WriteProcessMemory request was completed. (0x12B)
[0616/183635.420:WARNING:pe_image_reader.cc(340)] could not read dos header from C:\WINDOWS\SYSTEM32\CRYPTBASE.DLL
[0616/183635.420:ERROR:process_memory_win.cc(73)] ReadMemory at 0x7ffefef40000 of 64 bytes failed: Only part of a ReadProcessMemory or WriteProcessMemory request was completed. (0x12B)
[0616/183635.420:WARNING:pe_image_reader.cc(340)] could not read dos header from C:\WINDOWS\SYSTEM32\bcryptPrimitives.dll
[0616/183635.420:ERROR:process_memory_win.cc(73)] ReadMemory at 0x7fff01b90000 of 64 bytes failed: Only part of a ReadProcessMemory or WriteProcessMemory request was completed. (0x12B)
[0616/183635.420:WARNING:pe_image_reader.cc(340)] could not read dos header from C:\WINDOWS\system32\IMM32.DLL
[0616/183635.420:ERROR:process_memory_win.cc(73)] ReadMemory at 0x7fff014c0000 of 64 bytes failed: Only part of a ReadProcessMemory or WriteProcessMemory request was completed. (0x12B)
[0616/183635.420:WARNING:pe_image_reader.cc(340)] could not read dos header from C:\WINDOWS\system32\MSCTF.dll
[0616/183635.420:ERROR:process_memory_win.cc(73)] ReadMemory at 0x7ffefd520000 of 64 bytes failed: Only part of a ReadProcessMemory or WriteProcessMemory request was completed. (0x12B)
[0616/183635.420:WARNING:pe_image_reader.cc(340)] could not read dos header from C:\WINDOWS\SYSTEM32\shcore.dll
[0616/183635.420:ERROR:process_memory_win.cc(73)] ReadMemory at 0x7ffedd190000 of 64 bytes failed: Only part of a ReadProcessMemory or WriteProcessMemory request was completed. (0x12B)
[0616/183635.420:WARNING:pe_image_reader.cc(340)] could not read dos header from C:\Program Files (x86)\Google\Chrome\Application\75.0.3770.90\chrome_child.dll
[0616/183635.420:ERROR:process_memory_win.cc(73)] ReadMemory at 0x7ffeff860000 of 64 bytes failed: Only part of a ReadProcessMemory or WriteProcessMemory request was completed. (0x12B)
[0616/183635.420:WARNING:pe_image_reader.cc(340)] could not read dos header from C:\WINDOWS\system32\WS2_32.dll
[0616/183635.420:ERROR:process_memory_win.cc(73)] ReadMemory at 0x7ffef9be0000 of 64 bytes failed: Only part of a ReadProcessMemory or WriteProcessMemory request was completed. (0x12B)
[0616/183635.420:WARNING:pe_image_reader.cc(340)] could not read dos header from C:\WINDOWS\SYSTEM32\IPHLPAPI.DLL
[0616/183635.420:ERROR:process_memory_win.cc(73)] ReadMemory at 0x7ffeff6c0000 of 64 bytes failed: Only part of a ReadProcessMemory or WriteProcessMemory request was completed. (0x12B)
[0616/183635.420:WARNING:pe_image_reader.cc(340)] could not read dos header from C:\WINDOWS\system32\ole32.dll
[0616/183635.420:ERROR:process_memory_win.cc(73)] ReadMemory at 0x7fff01c80000 of 64 bytes failed: Only part of a ReadProcessMemory or WriteProcessMemory request was completed. (0x12B)
[0616/183635.420:WARNING:pe_image_reader.cc(340)] could not read dos header from C:\WINDOWS\system32\OLEAUT32.dll
[0616/183635.420:ERROR:process_memory_win.cc(73)] ReadMemory at 0x7ffefa490000 of 64 bytes failed: Only part of a ReadProcessMemory or WriteProcessMemory request was completed. (0x12B)
[0616/183635.420:WARNING:pe_image_reader.cc(340)] could not read dos header from C:\WINDOWS\SYSTEM32\OLEACC.dll
[0616/183635.420:ERROR:process_memory_win.cc(73)] ReadMemory at 0x7ffef8090000 of 64 bytes failed: Only part of a ReadProcessMemory or WriteProcessMemory request was completed. (0x12B)
[0616/183635.420:WARNING:pe_image_reader.cc(340)] could not read dos header from C:\WINDOWS\SYSTEM32\UIAutomationCore.DLL
[0616/183635.420:ERROR:process_memory_win.cc(73)] ReadMemory at 0x7ffefc7a0000 of 64 bytes failed: Only part of a ReadProcessMemory or WriteProcessMemory request was completed. (0x12B)
[0616/183635.420:WARNING:pe_image_reader.cc(340)] could not read dos header from C:\WINDOWS\SYSTEM32\WTSAPI32.dll
[0616/183635.420:ERROR:process_memory_win.cc(73)] ReadMemory at 0x7ffeff440000 of 64 bytes failed: Only part of a ReadProcessMemory or WriteProcessMemory request was completed. (0x12B)
[0616/183635.420:WARNING:pe_image_reader.cc(340)] could not read dos header from C:\WINDOWS\system32\WINTRUST.dll
[0616/183635.420:ERROR:process_memory_win.cc(73)] ReadMemory at 0x7ffeff210000 of 64 bytes failed: Only part of a ReadProcessMemory or WriteProcessMemory request was completed. (0x12B)
[0616/183635.420:WARNING:pe_image_reader.cc(340)] could not read dos header from C:\WINDOWS\system32\CRYPT32.dll
[0616/183635.420:ERROR:process_memory_win.cc(73)] ReadMemory at 0x7ffefa8f0000 of 64 bytes failed: Only part of a ReadProcessMemory or WriteProcessMemory request was completed. (0x12B)
[0616/183635.420:WARNING:pe_image_reader.cc(340)] could not read dos header from C:\WINDOWS\SYSTEM32\DWrite.dll
[0616/183635.420:ERROR:process_memory_win.cc(73)] ReadMemory at 0x7ffefc9b0000 of 64 bytes failed: Only part of a ReadProcessMemory or WriteProcessMemory request was completed. (0x12B)
[0616/183635.420:WARNING:pe_image_reader.cc(340)] could not read dos header from C:\WINDOWS\SYSTEM32\dxgi.dll
[0616/183635.420:ERROR:process_memory_win.cc(73)] ReadMemory at 0x7ffefa860000 of 64 bytes failed: Only part of a ReadProcessMemory or WriteProcessMemory request was completed. (0x12B)
[0616/183635.420:WARNING:pe_image_reader.cc(340)] could not read dos header from C:\WINDOWS\SYSTEM32\WINSPOOL.DRV
[0616/183635.420:ERROR:process_memory_win.cc(73)] ReadMemory at 0x7ffedd000000 of 64 bytes failed: Only part of a ReadProcessMemory or WriteProcessMemory request was completed. (0x12B)
[0616/183635.420:WARNING:pe_image_reader.cc(340)] could not read dos header from C:\WINDOWS\SYSTEM32\dbghelp.dll
[0616/183635.420:ERROR:process_memory_win.cc(73)] ReadMemory at 0x7fff01f50000 of 64 bytes failed: Only part of a ReadProcessMemory or WriteProcessMemory request was completed. (0x12B)
[0616/183635.420:WARNING:pe_image_reader.cc(340)] could not read dos header from C:\WINDOWS\system32\COMDLG32.dll
[0616/183635.420:ERROR:process_memory_win.cc(73)] ReadMemory at 0x7ffeeaf40000 of 64 bytes failed: Only part of a ReadProcessMemory or WriteProcessMemory request was completed. (0x12B)
[0616/183635.420:WARNING:pe_image_reader.cc(340)] could not read dos header from C:\WINDOWS\SYSTEM32\USP10.dll
[0616/183635.420:ERROR:process_memory_win.cc(73)] ReadMemory at 0x7ffef6690000 of 64 bytes failed: Only part of a ReadProcessMemory or WriteProcessMemory request was completed. (0x12B)
[0616/183635.420:WARNING:pe_image_reader.cc(340)] could not read dos header from C:\WINDOWS\SYSTEM32\WINHTTP.dll
[0616/183635.420:ERROR:process_memory_win.cc(73)] ReadMemory at 0x7ffef73d0000 of 64 bytes failed: Only part of a ReadProcessMemory or WriteProcessMemory request was completed. (0x12B)
[0616/183635.420:WARNING:pe_image_reader.cc(340)] could not read dos header from C:\WINDOWS\SYSTEM32\urlmon.dll
[0616/183635.420:ERROR:process_memory_win.cc(73)] ReadMemory at 0x7ffef7780000 of 64 bytes failed: Only part of a ReadProcessMemory or WriteProcessMemory request was completed. (0x12B)
[0616/183635.420:WARNING:pe_image_reader.cc(340)] could not read dos header from C:\WINDOWS\SYSTEM32\Secur32.dll
[0616/183635.420:ERROR:process_memory_win.cc(73)] ReadMemory at 0x7ffef97e0000 of 64 bytes failed: Only part of a ReadProcessMemory or WriteProcessMemory request was completed. (0x12B)
[0616/183635.420:WARNING:pe_image_reader.cc(340)] could not read dos header from C:\WINDOWS\SYSTEM32\dhcpcsvc.DLL
[0616/183635.420:ERROR:process_memory_win.cc(73)] ReadMemory at 0x9157790000 of 64 bytes failed: Only part of a ReadProcessMemory or WriteProcessMemory request was completed. (0x12B)
[0616/183635.420:WARNING:pe_image_reader.cc(340)] could not read dos header from C:\WINDOWS\system32\NSI.dll
[0616/183635.420:ERROR:process_memory_win.cc(73)] ReadMemory at 0x7ffef9b80000 of 64 bytes failed: Only part of a ReadProcessMemory or WriteProcessMemory request was completed. (0x12B)
[0616/183635.420:WARNING:pe_image_reader.cc(340)] could not read dos header from C:\WINDOWS\SYSTEM32\WINNSI.DLL
[0616/183635.420:ERROR:process_memory_win.cc(73)] ReadMemory at 0x7ffeff1f0000 of 64 bytes failed: Only part of a ReadProcessMemory or WriteProcessMemory request was completed. (0x12B)
[0616/183635.420:WARNING:pe_image_reader.cc(340)] could not read dos header from C:\WINDOWS\system32\MSASN1.dll
[0616/183635.420:ERROR:process_memory_win.cc(73)] ReadMemory at 0x7ffefca40000 of 64 bytes failed: Only part of a ReadProcessMemory or WriteProcessMemory request was completed. (0x12B)
[0616/183635.420:WARNING:pe_image_reader.cc(340)] could not read dos header from C:\WINDOWS\WinSxS\amd64_microsoft.windows.common-controls_6595b64144ccf1df_6.0.9600.19291_none_6248a9f3ecb5e89b\COMCTL32.dll
[0616/183635.420:ERROR:process_memory_win.cc(73)] ReadMemory at 0x7ffef7100000 of 64 bytes failed: Only part of a ReadProcessMemory or WriteProcessMemory request was completed. (0x12B)
[0616/183635.420:WARNING:pe_image_reader.cc(340)] could not read dos header from C:\WINDOWS\SYSTEM32\iertutil.dll
[0616/183635.420:ERROR:process_memory_win.cc(73)] ReadMemory at 0x7ffef6c50000 of 64 bytes failed: Only part of a ReadProcessMemory or WriteProcessMemory request was completed. (0x12B)
[0616/183635.420:WARNING:pe_image_reader.cc(340)] could not read dos header from C:\WINDOWS\SYSTEM32\WININET.dll
[0616/183635.420:ERROR:process_memory_win.cc(73)] ReadMemory at 0x7ff6e4080000 of 64 bytes failed: Only part of a ReadProcessMemory or WriteProcessMemory request was completed. (0x12B)
[0616/183635.420:WARNING:pe_image_reader.cc(340)] could not read dos header from C:\Program Files (x86)\Google\Chrome\Application\chrome.exe
[0616/183635.420:ERROR:process_memory_win.cc(73)] ReadMemory at 0x7ff6e4080000 of 64 bytes failed: Only part of a ReadProcessMemory or WriteProcessMemory request was completed. (0x12B)
[0616/183635.420:WARNING:pe_image_reader.cc(340)] could not read dos header from C:\Program Files (x86)\Google\Chrome\Application\chrome.exe
[0616/183635.420:ERROR:process_memory_win.cc(73)] ReadMemory at 0x7fff02010000 of 64 bytes failed: Only part of a ReadProcessMemory or WriteProcessMemory request was completed. (0x12B)
[0616/183635.420:WARNING:pe_image_reader.cc(340)] could not read dos header from C:\WINDOWS\SYSTEM32\ntdll.dll
[0616/183635.420:ERROR:process_memory_win.cc(73)] ReadMemory at 0x7fff02010000 of 64 bytes failed: Only part of a ReadProcessMemory or WriteProcessMemory request was completed. (0x12B)
[0616/183635.420:WARNING:pe_image_reader.cc(340)] could not read dos header from C:\WINDOWS\SYSTEM32\ntdll.dll
[0616/183635.420:ERROR:process_memory_win.cc(73)] ReadMemory at 0x7fff01a20000 of 64 bytes failed: Only part of a ReadProcessMemory or WriteProcessMemory request was completed. (0x12B)
[0616/183635.420:WARNING:pe_image_reader.cc(340)] could not read dos header from C:\WINDOWS\system32\KERNEL32.DLL
[0616/183635.420:ERROR:process_memory_win.cc(73)] ReadMemory at 0x7fff01a20000 of 64 bytes failed: Only part of a ReadProcessMemory or WriteProcessMemory request was completed. (0x12B)
[0616/183635.420:WARNING:pe_image_reader.cc(340)] could not read dos header from C:\WINDOWS\system32\KERNEL32.DLL
[0616/183635.420:ERROR:process_memory_win.cc(73)] ReadMemory at 0x7ffeff4a0000 of 64 bytes failed: Only part of a ReadProcessMemory or WriteProcessMemory request was completed. (0x12B)
[0616/183635.420:WARNING:pe_image_reader.cc(340)] could not read dos header from C:\WINDOWS\system32\KERNELBASE.dll
[0616/183635.420:ERROR:process_memory_win.cc(73)] ReadMemory at 0x7ffeff4a0000 of 64 bytes failed: Only part of a ReadProcessMemory or WriteProcessMemory request was completed. (0x12B)
[0616/183635.420:WARNING:pe_image_reader.cc(340)] could not read dos header from C:\WINDOWS\system32\KERNELBASE.dll
[0616/183635.420:ERROR:process_memory_win.cc(73)] ReadMemory at 0x7ffef1810000 of 64 bytes failed: Only part of a ReadProcessMemory or WriteProcessMemory request was completed. (0x12B)
[0616/183635.420:WARNING:pe_image_reader.cc(340)] could not read dos header from C:\Program Files (x86)\Google\Chrome\Application\75.0.3770.90\chrome_elf.dll
[0616/183635.420:ERROR:process_memory_win.cc(73)] ReadMemory at 0x7ffef1810000 of 64 bytes failed: Only part of a ReadProcessMemory or WriteProcessMemory request was completed. (0x12B)
[0616/183635.420:WARNING:pe_image_reader.cc(340)] could not read dos header from C:\Program Files (x86)\Google\Chrome\Application\75.0.3770.90\chrome_elf.dll
[0616/183635.420:ERROR:process_memory_win.cc(73)] ReadMemory at 0x7ffeff920000 of 64 bytes failed: Only part of a ReadProcessMemory or WriteProcessMemory request was completed. (0x12B)
[0616/183635.420:WARNING:pe_image_reader.cc(340)] could not read dos header from C:\WINDOWS\system32\SHELL32.dll
[0616/183635.420:ERROR:process_memory_win.cc(73)] ReadMemory at 0x7ffeff920000 of 64 bytes failed: Only part of a ReadProcessMemory or WriteProcessMemory request was completed. (0x12B)
[0616/183635.420:WARNING:pe_image_reader.cc(340)] could not read dos header from C:\WINDOWS\system32\SHELL32.dll
[0616/183635.420:ERROR:process_memory_win.cc(73)] ReadMemory at 0x7fff01bd0000 of 64 bytes failed: Only part of a ReadProcessMemory or WriteProcessMemory request was completed. (0x12B)
[0616/183635.420:WARNING:pe_image_reader.cc(340)] could not read dos header from C:\WINDOWS\system32\ADVAPI32.dll
[0616/183635.420:ERROR:process_memory_win.cc(73)] ReadMemory at 0x7fff01bd0000 of 64 bytes failed: Only part of a ReadProcessMemory or WriteProcessMemory request was completed. (0x12B)
[0616/183635.420:WARNING:pe_image_reader.cc(340)] could not read dos header from C:\WINDOWS\system32\ADVAPI32.dll
[0616/183635.420:ERROR:process_memory_win.cc(73)] ReadMemory at 0x7fff01620000 of 64 bytes failed: Only part of a ReadProcessMemory or WriteProcessMemory request was completed. (0x12B)
[0616/183635.420:WARNING:pe_image_reader.cc(340)] could not read dos header from C:\WINDOWS\system32\USER32.dll
[0616/183635.420:ERROR:process_memory_win.cc(73)] ReadMemory at 0x7fff01620000 of 64 bytes failed: Only part of a ReadProcessMemory or WriteProcessMemory request was completed. (0x12B)
[0616/183635.420:WARNING:pe_image_reader.cc(340)] could not read dos header from C:\WINDOWS\system32\USER32.dll
[0616/183635.420:ERROR:process_memory_win.cc(73)] ReadMemory at 0x7ffef9460000 of 64 bytes failed: Only part of a ReadProcessMemory or WriteProcessMemory request was completed. (0x12B)
[0616/183635.420:WARNING:pe_image_reader.cc(340)] could not read dos header from C:\WINDOWS\SYSTEM32\VERSION.dll
[0616/183635.420:ERROR:process_memory_win.cc(73)] ReadMemory at 0x7ffef9460000 of 64 bytes failed: Only part of a ReadProcessMemory or WriteProcessMemory request was completed. (0x12B)
[0616/183635.420:WARNING:pe_image_reader.cc(340)] could not read dos header from C:\WINDOWS\SYSTEM32\VERSION.dll
[0616/183635.420:ERROR:process_memory_win.cc(73)] ReadMemory at 0x7ffeff8c0000 of 64 bytes failed: Only part of a ReadProcessMemory or WriteProcessMemory request was completed. (0x12B)
[0616/183635.420:WARNING:pe_image_reader.cc(340)] could not read dos header from C:\WINDOWS\system32\SHLWAPI.dll
[0616/183635.420:ERROR:process_memory_win.cc(73)] ReadMemory at 0x7ffeff8c0000 of 64 bytes failed: Only part of a ReadProcessMemory or WriteProcessMemory request was completed. (0x12B)
[0616/183635.420:WARNING:pe_image_reader.cc(340)] could not read dos header from C:\WINDOWS\system32\SHLWAPI.dll
[0616/183635.420:ERROR:process_memory_win.cc(73)] ReadMemory at 0x7ffefa460000 of 64 bytes failed: Only part of a ReadProcessMemory or WriteProcessMemory request was completed. (0x12B)
[0616/183635.420:WARNING:pe_image_reader.cc(340)] could not read dos header from C:\WINDOWS\SYSTEM32\WINMM.dll
[0616/183635.420:ERROR:process_memory_win.cc(73)] ReadMemory at 0x7ffefa460000 of 64 bytes failed: Only part of a ReadProcessMemory or WriteProcessMemory request was completed. (0x12B)
[0616/183635.420:WARNING:pe_image_reader.cc(340)] could not read dos header from C:\WINDOWS\SYSTEM32\WINMM.dll
[0616/183635.420:ERROR:process_memory_win.cc(73)] ReadMemory at 0x7ffefe700000 of 64 bytes failed: Only part of a ReadProcessMemory or WriteProcessMemory request was completed. (0x12B)
[0616/183635.420:WARNING:pe_image_reader.cc(340)] could not read dos header from C:\WINDOWS\SYSTEM32\USERENV.dll
[0616/183635.420:ERROR:process_memory_win.cc(73)] ReadMemory at 0x7ffefe700000 of 64 bytes failed: Only part of a ReadProcessMemory or WriteProcessMemory request was completed. (0x12B)
[0616/183635.420:WARNING:pe_image_reader.cc(340)] could not read dos header from C:\WINDOWS\SYSTEM32\USERENV.dll
[0616/183635.420:ERROR:process_memory_win.cc(73)] ReadMemory at 0x7fff01410000 of 64 bytes failed: Only part of a ReadProcessMemory or WriteProcessMemory request was completed. (0x12B)
[0616/183635.420:WARNING:pe_image_reader.cc(340)] could not read dos header from C:\WINDOWS\system32\msvcrt.dll
[0616/183635.420:ERROR:process_memory_win.cc(73)] ReadMemory at 0x7fff01410000 of 64 bytes failed: Only part of a ReadProcessMemory or WriteProcessMemory request was completed. (0x12B)
[0616/183635.420:WARNING:pe_image_reader.cc(340)] could not read dos header from C:\WINDOWS\system32\msvcrt.dll
[0616/183635.420:ERROR:process_memory_win.cc(73)] ReadMemory at 0x7fff01810000 of 64 bytes failed: Only part of a ReadProcessMemory or WriteProcessMemory request was completed. (0x12B)
[0616/183635.420:WARNING:pe_image_reader.cc(340)] could not read dos header from C:\WINDOWS\SYSTEM32\combase.dll
[0616/183635.420:ERROR:process_memory_win.cc(73)] ReadMemory at 0x7fff01810000 of 64 bytes failed: Only part of a ReadProcessMemory or WriteProcessMemory request was completed. (0x12B)
[0616/183635.420:WARNING:pe_image_reader.cc(340)] could not read dos header from C:\WINDOWS\SYSTEM32\combase.dll
[0616/183635.420:ERROR:process_memory_win.cc(73)] ReadMemory at 0x7fff00e50000 of 64 bytes failed: Only part of a ReadProcessMemory or WriteProcessMemory request was completed. (0x12B)
[0616/183635.420:WARNING:pe_image_reader.cc(340)] could not read dos header from C:\WINDOWS\system32\GDI32.dll
[0616/183635.420:ERROR:process_memory_win.cc(73)] ReadMemory at 0x7fff00e50000 of 64 bytes failed: Only part of a ReadProcessMemory or WriteProcessMemory request was completed. (0x12B)
[0616/183635.420:WARNING:pe_image_reader.cc(340)] could not read dos header from C:\WINDOWS\system32\GDI32.dll
[0616/183635.420:ERROR:process_memory_win.cc(73)] ReadMemory at 0x7fff017b0000 of 64 bytes failed: Only part of a ReadProcessMemory or WriteProcessMemory request was completed. (0x12B)
[0616/183635.420:WARNING:pe_image_reader.cc(340)] could not read dos header from C:\WINDOWS\SYSTEM32\sechost.dll
[0616/183635.420:ERROR:process_memory_win.cc(73)] ReadMemory at 0x7fff017b0000 of 64 bytes failed: Only part of a ReadProcessMemory or WriteProcessMemory request was completed. (0x12B)
[0616/183635.420:WARNING:pe_image_reader.cc(340)] could not read dos header from C:\WINDOWS\SYSTEM32\sechost.dll
[0616/183635.420:ERROR:process_memory_win.cc(73)] ReadMemory at 0x7fff01e10000 of 64 bytes failed: Only part of a ReadProcessMemory or WriteProcessMemory request was completed. (0x12B)
[0616/183635.420:WARNING:pe_image_reader.cc(340)] could not read dos header from C:\WINDOWS\system32\RPCRT4.dll
[0616/183635.420:ERROR:process_memory_win.cc(73)] ReadMemory at 0x7fff01e10000 of 64 bytes failed: Only part of a ReadProcessMemory or WriteProcessMemory request was completed. (0x12B)
[0616/183635.420:WARNING:pe_image_reader.cc(340)] could not read dos header from C:\WINDOWS\system32\RPCRT4.dll
[0616/183635.420:ERROR:process_memory_win.cc(73)] ReadMemory at 0x7ffefa330000 of 64 bytes failed: Only part of a ReadProcessMemory or WriteProcessMemory request was completed. (0x12B)
[0616/183635.420:WARNING:pe_image_reader.cc(340)] could not read dos header from C:\WINDOWS\SYSTEM32\WINMMBASE.dll
[0616/183635.420:ERROR:process_memory_win.cc(73)] ReadMemory at 0x7ffefa330000 of 64 bytes failed: Only part of a ReadProcessMemory or WriteProcessMemory request was completed. (0x12B)
[0616/183635.420:WARNING:pe_image_reader.cc(340)] could not read dos header from C:\WINDOWS\SYSTEM32\WINMMBASE.dll
[0616/183635.420:ERROR:process_memory_win.cc(73)] ReadMemory at 0x7ffeff140000 of 64 bytes failed: Only part of a ReadProcessMemory or WriteProcessMemory request was completed. (0x12B)
[0616/183635.420:WARNING:pe_image_reader.cc(340)] could not read dos header from C:\WINDOWS\SYSTEM32\profapi.dll
[0616/183635.420:ERROR:process_memory_win.cc(73)] ReadMemory at 0x7ffeff140000 of 64 bytes failed: Only part of a ReadProcessMemory or WriteProcessMemory request was completed. (0x12B)
[0616/183635.420:WARNING:pe_image_reader.cc(340)] could not read dos header from C:\WINDOWS\SYSTEM32\profapi.dll
[0616/183635.420:ERROR:process_memory_win.cc(73)] ReadMemory at 0x7ffeff5c0000 of 64 bytes failed: Only part of a ReadProcessMemory or WriteProcessMemory request was completed. (0x12B)
[0616/183635.420:WARNING:pe_image_reader.cc(340)] could not read dos header from C:\WINDOWS\system32\SspiCli.dll
[0616/183635.420:ERROR:process_memory_win.cc(73)] ReadMemory at 0x7ffeff5c0000 of 64 bytes failed: Only part of a ReadProcessMemory or WriteProcessMemory request was completed. (0x12B)
[0616/183635.420:WARNING:pe_image_reader.cc(340)] could not read dos header from C:\WINDOWS\system32\SspiCli.dll
[0616/183635.420:ERROR:process_memory_win.cc(73)] ReadMemory at 0x7ffeff3f0000 of 64 bytes failed: Only part of a ReadProcessMemory or WriteProcessMemory request was completed. (0x12B)
[0616/183635.420:WARNING:pe_image_reader.cc(340)] could not read dos header from C:\WINDOWS\SYSTEM32\cfgmgr32.dll
[0616/183635.420:ERROR:process_memory_win.cc(73)] ReadMemory at 0x7ffeff3f0000 of 64 bytes failed: Only part of a ReadProcessMemory or WriteProcessMemory request was completed. (0x12B)
[0616/183635.420:WARNING:pe_image_reader.cc(340)] could not read dos header from C:\WINDOWS\SYSTEM32\cfgmgr32.dll
[0616/183635.420:ERROR:process_memory_win.cc(73)] ReadMemory at 0x7ffefdf80000 of 64 bytes failed: Only part of a ReadProcessMemory or WriteProcessMemory request was completed. (0x12B)
[0616/183635.420:WARNING:pe_image_reader.cc(340)] could not read dos header from C:\WINDOWS\SYSTEM32\DEVOBJ.dll
[0616/183635.420:ERROR:process_memory_win.cc(73)] ReadMemory at 0x7ffefdf80000 of 64 bytes failed: Only part of a ReadProcessMemory or WriteProcessMemory request was completed. (0x12B)
[0616/183635.420:WARNING:pe_image_reader.cc(340)] could not read dos header from C:\WINDOWS\SYSTEM32\DEVOBJ.dll
[0616/183635.420:ERROR:process_memory_win.cc(73)] ReadMemory at 0x7ffefefb0000 of 64 bytes failed: Only part of a ReadProcessMemory or WriteProcessMemory request was completed. (0x12B)
[0616/183635.420:WARNING:pe_image_reader.cc(340)] could not read dos header from C:\WINDOWS\SYSTEM32\CRYPTBASE.DLL
[0616/183635.420:ERROR:process_memory_win.cc(73)] ReadMemory at 0x7ffefefb0000 of 64 bytes failed: Only part of a ReadProcessMemory or WriteProcessMemory request was completed. (0x12B)
[0616/183635.420:WARNING:pe_image_reader.cc(340)] could not read dos header from C:\WINDOWS\SYSTEM32\CRYPTBASE.DLL
[0616/183635.420:ERROR:process_memory_win.cc(73)] ReadMemory at 0x7ffefef40000 of 64 bytes failed: Only part of a ReadProcessMemory or WriteProcessMemory request was completed. (0x12B)
[0616/183635.420:WARNING:pe_image_reader.cc(340)] could not read dos header from C:\WINDOWS\SYSTEM32\bcryptPrimitives.dll
[0616/183635.420:ERROR:process_memory_win.cc(73)] ReadMemory at 0x7ffefef40000 of 64 bytes failed: Only part of a ReadProcessMemory or WriteProcessMemory request was completed. (0x12B)
[0616/183635.420:WARNING:pe_image_reader.cc(340)] could not read dos header from C:\WINDOWS\SYSTEM32\bcryptPrimitives.dll
[0616/183635.420:ERROR:process_memory_win.cc(73)] ReadMemory at 0x7fff01b90000 of 64 bytes failed: Only part of a ReadProcessMemory or WriteProcessMemory request was completed. (0x12B)
[0616/183635.420:WARNING:pe_image_reader.cc(340)] could not read dos header from C:\WINDOWS\system32\IMM32.DLL
[0616/183635.420:ERROR:process_memory_win.cc(73)] ReadMemory at 0x7fff01b90000 of 64 bytes failed: Only part of a ReadProcessMemory or WriteProcessMemory request was completed. (0x12B)
[0616/183635.420:WARNING:pe_image_reader.cc(340)] could not read dos header from C:\WINDOWS\system32\IMM32.DLL
[0616/183635.420:ERROR:process_memory_win.cc(73)] ReadMemory at 0x7fff014c0000 of 64 bytes failed: Only part of a ReadProcessMemory or WriteProcessMemory request was completed. (0x12B)
[0616/183635.420:WARNING:pe_image_reader.cc(340)] could not read dos header from C:\WINDOWS\system32\MSCTF.dll
[0616/183635.420:ERROR:process_memory_win.cc(73)] ReadMemory at 0x7fff014c0000 of 64 bytes failed: Only part of a ReadProcessMemory or WriteProcessMemory request was completed. (0x12B)
[0616/183635.420:WARNING:pe_image_reader.cc(340)] could not read dos header from C:\WINDOWS\system32\MSCTF.dll
[0616/183635.420:ERROR:process_memory_win.cc(73)] ReadMemory at 0x7ffefd520000 of 64 bytes failed: Only part of a ReadProcessMemory or WriteProcessMemory request was completed. (0x12B)
[0616/183635.420:WARNING:pe_image_reader.cc(340)] could not read dos header from C:\WINDOWS\SYSTEM32\shcore.dll
[0616/183635.420:ERROR:process_memory_win.cc(73)] ReadMemory at 0x7ffefd520000 of 64 bytes failed: Only part of a ReadProcessMemory or WriteProcessMemory request was completed. (0x12B)
[0616/183635.420:WARNING:pe_image_reader.cc(340)] could not read dos header from C:\WINDOWS\SYSTEM32\shcore.dll
[0616/183635.420:ERROR:process_memory_win.cc(73)] ReadMemory at 0x7ffedd190000 of 64 bytes failed: Only part of a ReadProcessMemory or WriteProcessMemory request was completed. (0x12B)
[0616/183635.420:WARNING:pe_image_reader.cc(340)] could not read dos header from C:\Program Files (x86)\Google\Chrome\Application\75.0.3770.90\chrome_child.dll
[0616/183635.420:ERROR:process_memory_win.cc(73)] ReadMemory at 0x7ffedd190000 of 64 bytes failed: Only part of a ReadProcessMemory or WriteProcessMemory request was completed. (0x12B)
[0616/183635.420:WARNING:pe_image_reader.cc(340)] could not read dos header from C:\Program Files (x86)\Google\Chrome\Application\75.0.3770.90\chrome_child.dll
[0616/183635.420:ERROR:process_memory_win.cc(73)] ReadMemory at 0x7ffeff860000 of 64 bytes failed: Only part of a ReadProcessMemory or WriteProcessMemory request was completed. (0x12B)
[0616/183635.420:WARNING:pe_image_reader.cc(340)] could not read dos header from C:\WINDOWS\system32\WS2_32.dll
[0616/183635.420:ERROR:process_memory_win.cc(73)] ReadMemory at 0x7ffeff860000 of 64 bytes failed: Only part of a ReadProcessMemory or WriteProcessMemory request was completed. (0x12B)
[0616/183635.420:WARNING:pe_image_reader.cc(340)] could not read dos header from C:\WINDOWS\system32\WS2_32.dll
[0616/183635.420:ERROR:process_memory_win.cc(73)] ReadMemory at 0x7ffef9be0000 of 64 bytes failed: Only part of a ReadProcessMemory or WriteProcessMemory request was completed. (0x12B)
[0616/183635.420:WARNING:pe_image_reader.cc(340)] could not read dos header from C:\WINDOWS\SYSTEM32\IPHLPAPI.DLL
[0616/183635.420:ERROR:process_memory_win.cc(73)] ReadMemory at 0x7ffef9be0000 of 64 bytes failed: Only part of a ReadProcessMemory or WriteProcessMemory request was completed. (0x12B)
[0616/183635.420:WARNING:pe_image_reader.cc(340)] could not read dos header from C:\WINDOWS\SYSTEM32\IPHLPAPI.DLL
[0616/183635.420:ERROR:process_memory_win.cc(73)] ReadMemory at 0x7ffeff6c0000 of 64 bytes failed: Only part of a ReadProcessMemory or WriteProcessMemory request was completed. (0x12B)
[0616/183635.420:WARNING:pe_image_reader.cc(340)] could not read dos header from C:\WINDOWS\system32\ole32.dll
[0616/183635.420:ERROR:process_memory_win.cc(73)] ReadMemory at 0x7ffeff6c0000 of 64 bytes failed: Only part of a ReadProcessMemory or WriteProcessMemory request was completed. (0x12B)
[0616/183635.420:WARNING:pe_image_reader.cc(340)] could not read dos header from C:\WINDOWS\system32\ole32.dll
[0616/183635.420:ERROR:process_memory_win.cc(73)] ReadMemory at 0x7fff01c80000 of 64 bytes failed: Only part of a ReadProcessMemory or WriteProcessMemory request was completed. (0x12B)
[0616/183635.420:WARNING:pe_image_reader.cc(340)] could not read dos header from C:\WINDOWS\system32\OLEAUT32.dll
[0616/183635.420:ERROR:process_memory_win.cc(73)] ReadMemory at 0x7fff01c80000 of 64 bytes failed: Only part of a ReadProcessMemory or WriteProcessMemory request was completed. (0x12B)
[0616/183635.420:WARNING:pe_image_reader.cc(340)] could not read dos header from C:\WINDOWS\system32\OLEAUT32.dll
[0616/183635.420:ERROR:process_memory_win.cc(73)] ReadMemory at 0x7ffefa490000 of 64 bytes failed: Only part of a ReadProcessMemory or WriteProcessMemory request was completed. (0x12B)
[0616/183635.420:WARNING:pe_image_reader.cc(340)] could not read dos header from C:\WINDOWS\SYSTEM32\OLEACC.dll
[0616/183635.420:ERROR:process_memory_win.cc(73)] ReadMemory at 0x7ffefa490000 of 64 bytes failed: Only part of a ReadProcessMemory or WriteProcessMemory request was completed. (0x12B)
[0616/183635.420:WARNING:pe_image_reader.cc(340)] could not read dos header from C:\WINDOWS\SYSTEM32\OLEACC.dll
[0616/183635.420:ERROR:process_memory_win.cc(73)] ReadMemory at 0x7ffef8090000 of 64 bytes failed: Only part of a ReadProcessMemory or WriteProcessMemory request was completed. (0x12B)
[0616/183635.420:WARNING:pe_image_reader.cc(340)] could not read dos header from C:\WINDOWS\SYSTEM32\UIAutomationCore.DLL
[0616/183635.420:ERROR:process_memory_win.cc(73)] ReadMemory at 0x7ffef8090000 of 64 bytes failed: Only part of a ReadProcessMemory or WriteProcessMemory request was completed. (0x12B)
[0616/183635.420:WARNING:pe_image_reader.cc(340)] could not read dos header from C:\WINDOWS\SYSTEM32\UIAutomationCore.DLL
[0616/183635.420:ERROR:process_memory_win.cc(73)] ReadMemory at 0x7ffefc7a0000 of 64 bytes failed: Only part of a ReadProcessMemory or WriteProcessMemory request was completed. (0x12B)
[0616/183635.420:WARNING:pe_image_reader.cc(340)] could not read dos header from C:\WINDOWS\SYSTEM32\WTSAPI32.dll
[0616/183635.420:ERROR:process_memory_win.cc(73)] ReadMemory at 0x7ffefc7a0000 of 64 bytes failed: Only part of a ReadProcessMemory or WriteProcessMemory request was completed. (0x12B)
[0616/183635.420:WARNING:pe_image_reader.cc(340)] could not read dos header from C:\WINDOWS\SYSTEM32\WTSAPI32.dll
[0616/183635.420:ERROR:process_memory_win.cc(73)] ReadMemory at 0x7ffeff440000 of 64 bytes failed: Only part of a ReadProcessMemory or WriteProcessMemory request was completed. (0x12B)
[0616/183635.420:WARNING:pe_image_reader.cc(340)] could not read dos header from C:\WINDOWS\system32\WINTRUST.dll
[0616/183635.420:ERROR:process_memory_win.cc(73)] ReadMemory at 0x7ffeff440000 of 64 bytes failed: Only part of a ReadProcessMemory or WriteProcessMemory request was completed. (0x12B)
[0616/183635.420:WARNING:pe_image_reader.cc(340)] could not read dos header from C:\WINDOWS\system32\WINTRUST.dll
[0616/183635.420:ERROR:process_memory_win.cc(73)] ReadMemory at 0x7ffeff210000 of 64 bytes failed: Only part of a ReadProcessMemory or WriteProcessMemory request was completed. (0x12B)
[0616/183635.420:WARNING:pe_image_reader.cc(340)] could not read dos header from C:\WINDOWS\system32\CRYPT32.dll
[0616/183635.420:ERROR:process_memory_win.cc(73)] ReadMemory at 0x7ffeff210000 of 64 bytes failed: Only part of a ReadProcessMemory or WriteProcessMemory request was completed. (0x12B)
[0616/183635.420:WARNING:pe_image_reader.cc(340)] could not read dos header from C:\WINDOWS\system32\CRYPT32.dll
[0616/183635.420:ERROR:process_memory_win.cc(73)] ReadMemory at 0x7ffefa8f0000 of 64 bytes failed: Only part of a ReadProcessMemory or WriteProcessMemory request was completed. (0x12B)
[0616/183635.420:WARNING:pe_image_reader.cc(340)] could not read dos header from C:\WINDOWS\SYSTEM32\DWrite.dll
[0616/183635.420:ERROR:process_memory_win.cc(73)] ReadMemory at 0x7ffefa8f0000 of 64 bytes failed: Only part of a ReadProcessMemory or WriteProcessMemory request was completed. (0x12B)
[0616/183635.420:WARNING:pe_image_reader.cc(340)] could not read dos header from C:\WINDOWS\SYSTEM32\DWrite.dll
[0616/183635.420:ERROR:process_memory_win.cc(73)] ReadMemory at 0x7ffefc9b0000 of 64 bytes failed: Only part of a ReadProcessMemory or WriteProcessMemory request was completed. (0x12B)
[0616/183635.420:WARNING:pe_image_reader.cc(340)] could not read dos header from C:\WINDOWS\SYSTEM32\dxgi.dll
[0616/183635.420:ERROR:process_memory_win.cc(73)] ReadMemory at 0x7ffefc9b0000 of 64 bytes failed: Only part of a ReadProcessMemory or WriteProcessMemory request was completed. (0x12B)
[0616/183635.420:WARNING:pe_image_reader.cc(340)] could not read dos header from C:\WINDOWS\SYSTEM32\dxgi.dll
[0616/183635.420:ERROR:process_memory_win.cc(73)] ReadMemory at 0x7ffefa860000 of 64 bytes failed: Only part of a ReadProcessMemory or WriteProcessMemory request was completed. (0x12B)
[0616/183635.420:WARNING:pe_image_reader.cc(340)] could not read dos header from C:\WINDOWS\SYSTEM32\WINSPOOL.DRV
[0616/183635.420:ERROR:process_memory_win.cc(73)] ReadMemory at 0x7ffefa860000 of 64 bytes failed: Only part of a ReadProcessMemory or WriteProcessMemory request was completed. (0x12B)
[0616/183635.420:WARNING:pe_image_reader.cc(340)] could not read dos header from C:\WINDOWS\SYSTEM32\WINSPOOL.DRV
[0616/183635.420:ERROR:process_memory_win.cc(73)] ReadMemory at 0x7ffedd000000 of 64 bytes failed: Only part of a ReadProcessMemory or WriteProcessMemory request was completed. (0x12B)
[0616/183635.420:WARNING:pe_image_reader.cc(340)] could not read dos header from C:\WINDOWS\SYSTEM32\dbghelp.dll
[0616/183635.420:ERROR:process_memory_win.cc(73)] ReadMemory at 0x7ffedd000000 of 64 bytes failed: Only part of a ReadProcessMemory or WriteProcessMemory request was completed. (0x12B)
[0616/183635.420:WARNING:pe_image_reader.cc(340)] could not read dos header from C:\WINDOWS\SYSTEM32\dbghelp.dll
[0616/183635.420:ERROR:process_memory_win.cc(73)] ReadMemory at 0x7fff01f50000 of 64 bytes failed: Only part of a ReadProcessMemory or WriteProcessMemory request was completed. (0x12B)
[0616/183635.420:WARNING:pe_image_reader.cc(340)] could not read dos header from C:\WINDOWS\system32\COMDLG32.dll
[0616/183635.420:ERROR:process_memory_win.cc(73)] ReadMemory at 0x7fff01f50000 of 64 bytes failed: Only part of a ReadProcessMemory or WriteProcessMemory request was completed. (0x12B)
[0616/183635.420:WARNING:pe_image_reader.cc(340)] could not read dos header from C:\WINDOWS\system32\COMDLG32.dll
[0616/183635.420:ERROR:process_memory_win.cc(73)] ReadMemory at 0x7ffeeaf40000 of 64 bytes failed: Only part of a ReadProcessMemory or WriteProcessMemory request was completed. (0x12B)
[0616/183635.420:WARNING:pe_image_reader.cc(340)] could not read dos header from C:\WINDOWS\SYSTEM32\USP10.dll
[0616/183635.420:ERROR:process_memory_win.cc(73)] ReadMemory at 0x7ffeeaf40000 of 64 bytes failed: Only part of a ReadProcessMemory or WriteProcessMemory request was completed. (0x12B)
[0616/183635.420:WARNING:pe_image_reader.cc(340)] could not read dos header from C:\WINDOWS\SYSTEM32\USP10.dll
[0616/183635.420:ERROR:process_memory_win.cc(73)] ReadMemory at 0x7ffef6690000 of 64 bytes failed: Only part of a ReadProcessMemory or WriteProcessMemory request was completed. (0x12B)
[0616/183635.420:WARNING:pe_image_reader.cc(340)] could not read dos header from C:\WINDOWS\SYSTEM32\WINHTTP.dll
[0616/183635.420:ERROR:process_memory_win.cc(73)] ReadMemory at 0x7ffef6690000 of 64 bytes failed: Only part of a ReadProcessMemory or WriteProcessMemory request was completed. (0x12B)
[0616/183635.420:WARNING:pe_image_reader.cc(340)] could not read dos header from C:\WINDOWS\SYSTEM32\WINHTTP.dll
[0616/183635.420:ERROR:process_memory_win.cc(73)] ReadMemory at 0x7ffef73d0000 of 64 bytes failed: Only part of a ReadProcessMemory or WriteProcessMemory request was completed. (0x12B)
[0616/183635.420:WARNING:pe_image_reader.cc(340)] could not read dos header from C:\WINDOWS\SYSTEM32\urlmon.dll
[0616/183635.420:ERROR:process_memory_win.cc(73)] ReadMemory at 0x7ffef73d0000 of 64 bytes failed: Only part of a ReadProcessMemory or WriteProcessMemory request was completed. (0x12B)
[0616/183635.420:WARNING:pe_image_reader.cc(340)] could not read dos header from C:\WINDOWS\SYSTEM32\urlmon.dll
[0616/183635.420:ERROR:process_memory_win.cc(73)] ReadMemory at 0x7ffef7780000 of 64 bytes failed: Only part of a ReadProcessMemory or WriteProcessMemory request was completed. (0x12B)
[0616/183635.420:WARNING:pe_image_reader.cc(340)] could not read dos header from C:\WINDOWS\SYSTEM32\Secur32.dll
[0616/183635.420:ERROR:process_memory_win.cc(73)] ReadMemory at 0x7ffef7780000 of 64 bytes failed: Only part of a ReadProcessMemory or WriteProcessMemory request was completed. (0x12B)
[0616/183635.420:WARNING:pe_image_reader.cc(340)] could not read dos header from C:\WINDOWS\SYSTEM32\Secur32.dll
[0616/183635.420:ERROR:process_memory_win.cc(73)] ReadMemory at 0x7ffef97e0000 of 64 bytes failed: Only part of a ReadProcessMemory or WriteProcessMemory request was completed. (0x12B)
[0616/183635.420:WARNING:pe_image_reader.cc(340)] could not read dos header from C:\WINDOWS\SYSTEM32\dhcpcsvc.DLL
[0616/183635.420:ERROR:process_memory_win.cc(73)] ReadMemory at 0x7ffef97e0000 of 64 bytes failed: Only part of a ReadProcessMemory or WriteProcessMemory request was completed. (0x12B)
[0616/183635.420:WARNING:pe_image_reader.cc(340)] could not read dos header from C:\WINDOWS\SYSTEM32\dhcpcsvc.DLL
[0616/183635.420:ERROR:process_memory_win.cc(73)] ReadMemory at 0x9157790000 of 64 bytes failed: Only part of a ReadProcessMemory or WriteProcessMemory request was completed. (0x12B)
[0616/183635.420:WARNING:pe_image_reader.cc(340)] could not read dos header from C:\WINDOWS\system32\NSI.dll
[0616/183635.420:ERROR:process_memory_win.cc(73)] ReadMemory at 0x9157790000 of 64 bytes failed: Only part of a ReadProcessMemory or WriteProcessMemory request was completed. (0x12B)
[0616/183635.420:WARNING:pe_image_reader.cc(340)] could not read dos header from C:\WINDOWS\system32\NSI.dll
[0616/183635.420:ERROR:process_memory_win.cc(73)] ReadMemory at 0x7ffef9b80000 of 64 bytes failed: Only part of a ReadProcessMemory or WriteProcessMemory request was completed. (0x12B)
[0616/183635.420:WARNING:pe_image_reader.cc(340)] could not read dos header from C:\WINDOWS\SYSTEM32\WINNSI.DLL
[0616/183635.420:ERROR:process_memory_win.cc(73)] ReadMemory at 0x7ffef9b80000 of 64 bytes failed: Only part of a ReadProcessMemory or WriteProcessMemory request was completed. (0x12B)
[0616/183635.420:WARNING:pe_image_reader.cc(340)] could not read dos header from C:\WINDOWS\SYSTEM32\WINNSI.DLL
[0616/183635.420:ERROR:process_memory_win.cc(73)] ReadMemory at 0x7ffeff1f0000 of 64 bytes failed: Only part of a ReadProcessMemory or WriteProcessMemory request was completed. (0x12B)
[0616/183635.420:WARNING:pe_image_reader.cc(340)] could not read dos header from C:\WINDOWS\system32\MSASN1.dll
[0616/183635.420:ERROR:process_memory_win.cc(73)] ReadMemory at 0x7ffeff1f0000 of 64 bytes failed: Only part of a ReadProcessMemory or WriteProcessMemory request was completed. (0x12B)
[0616/183635.420:WARNING:pe_image_reader.cc(340)] could not read dos header from C:\WINDOWS\system32\MSASN1.dll
[0616/183635.435:ERROR:process_memory_win.cc(73)] ReadMemory at 0x7ffefca40000 of 64 bytes failed: Only part of a ReadProcessMemory or WriteProcessMemory request was completed. (0x12B)
[0616/183635.435:WARNING:pe_image_reader.cc(340)] could not read dos header from C:\WINDOWS\WinSxS\amd64_microsoft.windows.common-controls_6595b64144ccf1df_6.0.9600.19291_none_6248a9f3ecb5e89b\COMCTL32.dll
[0616/183635.435:ERROR:process_memory_win.cc(73)] ReadMemory at 0x7ffefca40000 of 64 bytes failed: Only part of a ReadProcessMemory or WriteProcessMemory request was completed. (0x12B)
[0616/183635.435:WARNING:pe_image_reader.cc(340)] could not read dos header from C:\WINDOWS\WinSxS\amd64_microsoft.windows.common-controls_6595b64144ccf1df_6.0.9600.19291_none_6248a9f3ecb5e89b\COMCTL32.dll
[0616/183635.435:ERROR:process_memory_win.cc(73)] ReadMemory at 0x7ffef7100000 of 64 bytes failed: Only part of a ReadProcessMemory or WriteProcessMemory request was completed. (0x12B)
[0616/183635.435:WARNING:pe_image_reader.cc(340)] could not read dos header from C:\WINDOWS\SYSTEM32\iertutil.dll
[0616/183635.435:ERROR:process_memory_win.cc(73)] ReadMemory at 0x7ffef7100000 of 64 bytes failed: Only part of a ReadProcessMemory or WriteProcessMemory request was completed. (0x12B)
[0616/183635.435:WARNING:pe_image_reader.cc(340)] could not read dos header from C:\WINDOWS\SYSTEM32\iertutil.dll
[0616/183635.435:ERROR:process_memory_win.cc(73)] ReadMemory at 0x7ffef6c50000 of 64 bytes failed: Only part of a ReadProcessMemory or WriteProcessMemory request was completed. (0x12B)
[0616/183635.435:WARNING:pe_image_reader.cc(340)] could not read dos header from C:\WINDOWS\SYSTEM32\WININET.dll
[0616/183635.435:ERROR:process_memory_win.cc(73)] ReadMemory at 0x7ffef6c50000 of 64 bytes failed: Only part of a ReadProcessMemory or WriteProcessMemory request was completed. (0x12B)
[0616/183635.435:WARNING:pe_image_reader.cc(340)] could not read dos header from C:\WINDOWS\SYSTEM32\WININET.dll
[0616/183635.664:ERROR:process_memory_win.cc(73)] ReadMemory at 0x7ff6e4080000 of 64 bytes failed: Only part of a ReadProcessMemory or WriteProcessMemory request was completed. (0x12B)
[0616/183635.664:WARNING:pe_image_reader.cc(340)] could not read dos header from C:\Program Files (x86)\Google\Chrome\Application\chrome.exe
[0616/183635.664:ERROR:process_memory_win.cc(73)] ReadMemory at 0x7fff02010000 of 64 bytes failed: Only part of a ReadProcessMemory or WriteProcessMemory request was completed. (0x12B)
[0616/183635.664:WARNING:pe_image_reader.cc(340)] could not read dos header from C:\WINDOWS\SYSTEM32\ntdll.dll
[0616/183635.664:ERROR:process_memory_win.cc(73)] ReadMemory at 0x7fff01a20000 of 64 bytes failed: Only part of a ReadProcessMemory or WriteProcessMemory request was completed. (0x12B)
[0616/183635.665:WARNING:pe_image_reader.cc(340)] could not read dos header from C:\WINDOWS\system32\KERNEL32.DLL
[0616/183635.665:ERROR:process_memory_win.cc(73)] ReadMemory at 0x7ffeff4a0000 of 64 bytes failed: Only part of a ReadProcessMemory or WriteProcessMemory request was completed. (0x12B)
[0616/183635.665:WARNING:pe_image_reader.cc(340)] could not read dos header from C:\WINDOWS\system32\KERNELBASE.dll
[0616/183635.665:ERROR:process_memory_win.cc(73)] ReadMemory at 0x7ffef1810000 of 64 bytes failed: Only part of a ReadProcessMemory or WriteProcessMemory request was completed. (0x12B)
[0616/183635.665:WARNING:pe_image_reader.cc(340)] could not read dos header from C:\Program Files (x86)\Google\Chrome\Application\75.0.3770.90\chrome_elf.dll
[0616/183635.665:ERROR:process_memory_win.cc(73)] ReadMemory at 0x7ffeff920000 of 64 bytes failed: Only part of a ReadProcessMemory or WriteProcessMemory request was completed. (0x12B)
[0616/183635.665:WARNING:pe_image_reader.cc(340)] could not read dos header from C:\WINDOWS\system32\SHELL32.dll
[0616/183635.665:ERROR:process_memory_win.cc(73)] ReadMemory at 0x7fff01bd0000 of 64 bytes failed: Only part of a ReadProcessMemory or WriteProcessMemory request was completed. (0x12B)
[0616/183635.665:WARNING:pe_image_reader.cc(340)] could not read dos header from C:\WINDOWS\system32\ADVAPI32.dll
[0616/183635.665:ERROR:process_memory_win.cc(73)] ReadMemory at 0x7fff01620000 of 64 bytes failed: Only part of a ReadProcessMemory or WriteProcessMemory request was completed. (0x12B)
[0616/183635.665:WARNING:pe_image_reader.cc(340)] could not read dos header from C:\WINDOWS\system32\USER32.dll
[0616/183635.665:ERROR:process_memory_win.cc(73)] ReadMemory at 0x7ffef9460000 of 64 bytes failed: Only part of a ReadProcessMemory or WriteProcessMemory request was completed. (0x12B)
[0616/183635.665:WARNING:pe_image_reader.cc(340)] could not read dos header from C:\WINDOWS\SYSTEM32\VERSION.dll
[0616/183635.665:ERROR:process_memory_win.cc(73)] ReadMemory at 0x7ffeff8c0000 of 64 bytes failed: Only part of a ReadProcessMemory or WriteProcessMemory request was completed. (0x12B)
[0616/183635.665:WARNING:pe_image_reader.cc(340)] could not read dos header from C:\WINDOWS\system32\SHLWAPI.dll
[0616/183635.665:ERROR:process_memory_win.cc(73)] ReadMemory at 0x7ffefa460000 of 64 bytes failed: Only part of a ReadProcessMemory or WriteProcessMemory request was completed. (0x12B)
[0616/183635.665:WARNING:pe_image_reader.cc(340)] could not read dos header from C:\WINDOWS\SYSTEM32\WINMM.dll
[0616/183635.665:ERROR:process_memory_win.cc(73)] ReadMemory at 0x7ffefe700000 of 64 bytes failed: Only part of a ReadProcessMemory or WriteProcessMemory request was completed. (0x12B)
[0616/183635.665:WARNING:pe_image_reader.cc(340)] could not read dos header from C:\WINDOWS\SYSTEM32\USERENV.dll
[0616/183635.665:ERROR:process_memory_win.cc(73)] ReadMemory at 0x7fff01410000 of 64 bytes failed: Only part of a ReadProcessMemory or WriteProcessMemory request was completed. (0x12B)
[0616/183635.665:WARNING:pe_image_reader.cc(340)] could not read dos header from C:\WINDOWS\system32\msvcrt.dll
[0616/183635.665:ERROR:process_memory_win.cc(73)] ReadMemory at 0x7fff01810000 of 64 bytes failed: Only part of a ReadProcessMemory or WriteProcessMemory request was completed. (0x12B)
[0616/183635.665:WARNING:pe_image_reader.cc(340)] could not read dos header from C:\WINDOWS\SYSTEM32\combase.dll
[0616/183635.665:ERROR:process_memory_win.cc(73)] ReadMemory at 0x7fff00e50000 of 64 bytes failed: Only part of a ReadProcessMemory or WriteProcessMemory request was completed. (0x12B)
[0616/183635.665:WARNING:pe_image_reader.cc(340)] could not read dos header from C:\WINDOWS\system32\GDI32.dll
[0616/183635.665:ERROR:process_memory_win.cc(73)] ReadMemory at 0x7fff017b0000 of 64 bytes failed: Only part of a ReadProcessMemory or WriteProcessMemory request was completed. (0x12B)
[0616/183635.665:WARNING:pe_image_reader.cc(340)] could not read dos header from C:\WINDOWS\SYSTEM32\sechost.dll
[0616/183635.665:ERROR:process_memory_win.cc(73)] ReadMemory at 0x7fff01e10000 of 64 bytes failed: Only part of a ReadProcessMemory or WriteProcessMemory request was completed. (0x12B)
[0616/183635.665:WARNING:pe_image_reader.cc(340)] could not read dos header from C:\WINDOWS\system32\RPCRT4.dll
[0616/183635.665:ERROR:process_memory_win.cc(73)] ReadMemory at 0x7ffefa330000 of 64 bytes failed: Only part of a ReadProcessMemory or WriteProcessMemory request was completed. (0x12B)
[0616/183635.665:WARNING:pe_image_reader.cc(340)] could not read dos header from C:\WINDOWS\SYSTEM32\WINMMBASE.dll
[0616/183635.665:ERROR:process_memory_win.cc(73)] ReadMemory at 0x7ffeff140000 of 64 bytes failed: Only part of a ReadProcessMemory or WriteProcessMemory request was completed. (0x12B)
[0616/183635.665:WARNING:pe_image_reader.cc(340)] could not read dos header from C:\WINDOWS\SYSTEM32\profapi.dll
[0616/183635.665:ERROR:process_memory_win.cc(73)] ReadMemory at 0x7ffeff5c0000 of 64 bytes failed: Only part of a ReadProcessMemory or WriteProcessMemory request was completed. (0x12B)
[0616/183635.665:WARNING:pe_image_reader.cc(340)] could not read dos header from C:\WINDOWS\system32\SspiCli.dll
[0616/183635.665:ERROR:process_memory_win.cc(73)] ReadMemory at 0x7ffeff3f0000 of 64 bytes failed: Only part of a ReadProcessMemory or WriteProcessMemory request was completed. (0x12B)
[0616/183635.665:WARNING:pe_image_reader.cc(340)] could not read dos header from C:\WINDOWS\SYSTEM32\cfgmgr32.dll
[0616/183635.665:ERROR:process_memory_win.cc(73)] ReadMemory at 0x7ffefdf80000 of 64 bytes failed: Only part of a ReadProcessMemory or WriteProcessMemory request was completed. (0x12B)
[0616/183635.665:WARNING:pe_image_reader.cc(340)] could not read dos header from C:\WINDOWS\SYSTEM32\DEVOBJ.dll
[0616/183635.666:ERROR:process_memory_win.cc(73)] ReadMemory at 0x7ffefefb0000 of 64 bytes failed: Only part of a ReadProcessMemory or WriteProcessMemory request was completed. (0x12B)
[0616/183635.666:WARNING:pe_image_reader.cc(340)] could not read dos header from C:\WINDOWS\SYSTEM32\CRYPTBASE.DLL
[0616/183635.666:ERROR:process_memory_win.cc(73)] ReadMemory at 0x7ffefef40000 of 64 bytes failed: Only part of a ReadProcessMemory or WriteProcessMemory request was completed. (0x12B)
[0616/183635.666:WARNING:pe_image_reader.cc(340)] could not read dos header from C:\WINDOWS\SYSTEM32\bcryptPrimitives.dll
[0616/183635.666:ERROR:process_memory_win.cc(73)] ReadMemory at 0x7fff01b90000 of 64 bytes failed: Only part of a ReadProcessMemory or WriteProcessMemory request was completed. (0x12B)
[0616/183635.666:WARNING:pe_image_reader.cc(340)] could not read dos header from C:\WINDOWS\system32\IMM32.DLL
[0616/183635.666:ERROR:process_memory_win.cc(73)] ReadMemory at 0x7fff014c0000 of 64 bytes failed: Only part of a ReadProcessMemory or WriteProcessMemory request was completed. (0x12B)
[0616/183635.666:WARNING:pe_image_reader.cc(340)] could not read dos header from C:\WINDOWS\system32\MSCTF.dll
[0616/183635.666:ERROR:process_memory_win.cc(73)] ReadMemory at 0x7ffefd520000 of 64 bytes failed: Only part of a ReadProcessMemory or WriteProcessMemory request was completed. (0x12B)
[0616/183635.666:WARNING:pe_image_reader.cc(340)] could not read dos header from C:\WINDOWS\SYSTEM32\shcore.dll
[0616/183635.666:ERROR:process_memory_win.cc(73)] ReadMemory at 0x7ffedd190000 of 64 bytes failed: Only part of a ReadProcessMemory or WriteProcessMemory request was completed. (0x12B)
[0616/183635.666:WARNING:pe_image_reader.cc(340)] could not read dos header from C:\Program Files (x86)\Google\Chrome\Application\75.0.3770.90\chrome_child.dll
[0616/183635.666:ERROR:process_memory_win.cc(73)] ReadMemory at 0x7ffeff860000 of 64 bytes failed: Only part of a ReadProcessMemory or WriteProcessMemory request was completed. (0x12B)
[0616/183635.666:WARNING:pe_image_reader.cc(340)] could not read dos header from C:\WINDOWS\system32\WS2_32.dll
[0616/183635.666:ERROR:process_memory_win.cc(73)] ReadMemory at 0x7ffef9be0000 of 64 bytes failed: Only part of a ReadProcessMemory or WriteProcessMemory request was completed. (0x12B)
[0616/183635.666:WARNING:pe_image_reader.cc(340)] could not read dos header from C:\WINDOWS\SYSTEM32\IPHLPAPI.DLL
[0616/183635.666:ERROR:process_memory_win.cc(73)] ReadMemory at 0x7ffeff6c0000 of 64 bytes failed: Only part of a ReadProcessMemory or WriteProcessMemory request was completed. (0x12B)
[0616/183635.666:WARNING:pe_image_reader.cc(340)] could not read dos header from C:\WINDOWS\system32\ole32.dll
[0616/183635.666:ERROR:process_memory_win.cc(73)] ReadMemory at 0x7fff01c80000 of 64 bytes failed: Only part of a ReadProcessMemory or WriteProcessMemory request was completed. (0x12B)
[0616/183635.666:WARNING:pe_image_reader.cc(340)] could not read dos header from C:\WINDOWS\system32\OLEAUT32.dll
[0616/183635.666:ERROR:process_memory_win.cc(73)] ReadMemory at 0x7ffefa490000 of 64 bytes failed: Only part of a ReadProcessMemory or WriteProcessMemory request was completed. (0x12B)
[0616/183635.666:WARNING:pe_image_reader.cc(340)] could not read dos header from C:\WINDOWS\SYSTEM32\OLEACC.dll
[0616/183635.666:ERROR:process_memory_win.cc(73)] ReadMemory at 0x7ffef8090000 of 64 bytes failed: Only part of a ReadProcessMemory or WriteProcessMemory request was completed. (0x12B)
[0616/183635.666:WARNING:pe_image_reader.cc(340)] could not read dos header from C:\WINDOWS\SYSTEM32\UIAutomationCore.DLL
[0616/183635.666:ERROR:process_memory_win.cc(73)] ReadMemory at 0x7ffefc7a0000 of 64 bytes failed: Only part of a ReadProcessMemory or WriteProcessMemory request was completed. (0x12B)
[0616/183635.666:WARNING:pe_image_reader.cc(340)] could not read dos header from C:\WINDOWS\SYSTEM32\WTSAPI32.dll
[0616/183635.666:ERROR:process_memory_win.cc(73)] ReadMemory at 0x7ffeff440000 of 64 bytes failed: Only part of a ReadProcessMemory or WriteProcessMemory request was completed. (0x12B)
[0616/183635.666:WARNING:pe_image_reader.cc(340)] could not read dos header from C:\WINDOWS\system32\WINTRUST.dll
[0616/183635.666:ERROR:process_memory_win.cc(73)] ReadMemory at 0x7ffeff210000 of 64 bytes failed: Only part of a ReadProcessMemory or WriteProcessMemory request was completed. (0x12B)
[0616/183635.666:WARNING:pe_image_reader.cc(340)] could not read dos header from C:\WINDOWS\system32\CRYPT32.dll
[0616/183635.666:ERROR:process_memory_win.cc(73)] ReadMemory at 0x7ffefa8f0000 of 64 bytes failed: Only part of a ReadProcessMemory or WriteProcessMemory request was completed. (0x12B)
[0616/183635.666:WARNING:pe_image_reader.cc(340)] could not read dos header from C:\WINDOWS\SYSTEM32\DWrite.dll
[0616/183635.666:ERROR:process_memory_win.cc(73)] ReadMemory at 0x7ffefc9b0000 of 64 bytes failed: Only part of a ReadProcessMemory or WriteProcessMemory request was completed. (0x12B)
[0616/183635.666:WARNING:pe_image_reader.cc(340)] could not read dos header from C:\WINDOWS\SYSTEM32\dxgi.dll
[0616/183635.666:ERROR:process_memory_win.cc(73)] ReadMemory at 0x7ffefa860000 of 64 bytes failed: Only part of a ReadProcessMemory or WriteProcessMemory request was completed. (0x12B)
[0616/183635.666:WARNING:pe_image_reader.cc(340)] could not read dos header from C:\WINDOWS\SYSTEM32\WINSPOOL.DRV
[0616/183635.666:ERROR:process_memory_win.cc(73)] ReadMemory at 0x7ffedd000000 of 64 bytes failed: Only part of a ReadProcessMemory or WriteProcessMemory request was completed. (0x12B)
[0616/183635.666:WARNING:pe_image_reader.cc(340)] could not read dos header from C:\WINDOWS\SYSTEM32\dbghelp.dll
[0616/183635.666:ERROR:process_memory_win.cc(73)] ReadMemory at 0x7fff01f50000 of 64 bytes failed: Only part of a ReadProcessMemory or WriteProcessMemory request was completed. (0x12B)
[0616/183635.666:WARNING:pe_image_reader.cc(340)] could not read dos header from C:\WINDOWS\system32\COMDLG32.dll
[0616/183635.666:ERROR:process_memory_win.cc(73)] ReadMemory at 0x7ffeeaf40000 of 64 bytes failed: Only part of a ReadProcessMemory or WriteProcessMemory request was completed. (0x12B)
[0616/183635.666:WARNING:pe_image_reader.cc(340)] could not read dos header from C:\WINDOWS\SYSTEM32\USP10.dll
[0616/183635.666:ERROR:process_memory_win.cc(73)] ReadMemory at 0x7ffef6690000 of 64 bytes failed: Only part of a ReadProcessMemory or WriteProcessMemory request was completed. (0x12B)
[0616/183635.666:WARNING:pe_image_reader.cc(340)] could not read dos header from C:\WINDOWS\SYSTEM32\WINHTTP.dll
[0616/183635.667:ERROR:process_memory_win.cc(73)] ReadMemory at 0x7ffef73d0000 of 64 bytes failed: Only part of a ReadProcessMemory or WriteProcessMemory request was completed. (0x12B)
[0616/183635.667:WARNING:pe_image_reader.cc(340)] could not read dos header from C:\WINDOWS\SYSTEM32\urlmon.dll
[0616/183635.667:ERROR:process_memory_win.cc(73)] ReadMemory at 0x7ffef7780000 of 64 bytes failed: Only part of a ReadProcessMemory or WriteProcessMemory request was completed. (0x12B)
[0616/183635.667:WARNING:pe_image_reader.cc(340)] could not read dos header from C:\WINDOWS\SYSTEM32\Secur32.dll
[0616/183635.667:ERROR:process_memory_win.cc(73)] ReadMemory at 0x7ffef97e0000 of 64 bytes failed: Only part of a ReadProcessMemory or WriteProcessMemory request was completed. (0x12B)
[0616/183635.667:WARNING:pe_image_reader.cc(340)] could not read dos header from C:\WINDOWS\SYSTEM32\dhcpcsvc.DLL
[0616/183635.667:ERROR:process_memory_win.cc(73)] ReadMemory at 0x9157790000 of 64 bytes failed: Only part of a ReadProcessMemory or WriteProcessMemory request was completed. (0x12B)
[0616/183635.667:WARNING:pe_image_reader.cc(340)] could not read dos header from C:\WINDOWS\system32\NSI.dll
[0616/183635.667:ERROR:process_memory_win.cc(73)] ReadMemory at 0x7ffef9b80000 of 64 bytes failed: Only part of a ReadProcessMemory or WriteProcessMemory request was completed. (0x12B)
[0616/183635.667:WARNING:pe_image_reader.cc(340)] could not read dos header from C:\WINDOWS\SYSTEM32\WINNSI.DLL
[0616/183635.667:ERROR:process_memory_win.cc(73)] ReadMemory at 0x7ffeff1f0000 of 64 bytes failed: Only part of a ReadProcessMemory or WriteProcessMemory request was completed. (0x12B)
[0616/183635.667:WARNING:pe_image_reader.cc(340)] could not read dos header from C:\WINDOWS\system32\MSASN1.dll
[0616/183635.667:ERROR:process_memory_win.cc(73)] ReadMemory at 0x7ffefca40000 of 64 bytes failed: Only part of a ReadProcessMemory or WriteProcessMemory request was completed. (0x12B)
[0616/183635.667:WARNING:pe_image_reader.cc(340)] could not read dos header from C:\WINDOWS\WinSxS\amd64_microsoft.windows.common-controls_6595b64144ccf1df_6.0.9600.19291_none_6248a9f3ecb5e89b\COMCTL32.dll
[0616/183635.667:ERROR:process_memory_win.cc(73)] ReadMemory at 0x7ffef7100000 of 64 bytes failed: Only part of a ReadProcessMemory or WriteProcessMemory request was completed. (0x12B)
[0616/183635.667:WARNING:pe_image_reader.cc(340)] could not read dos header from C:\WINDOWS\SYSTEM32\iertutil.dll
[0616/183635.667:ERROR:process_memory_win.cc(73)] ReadMemory at 0x7ffef6c50000 of 64 bytes failed: Only part of a ReadProcessMemory or WriteProcessMemory request was completed. (0x12B)
[0616/183635.667:WARNING:pe_image_reader.cc(340)] could not read dos header from C:\WINDOWS\SYSTEM32\WININET.dll
[0616/183635.674:ERROR:process_memory_win.cc(73)] ReadMemory at 0x91575d1000 of 61440 bytes failed: Only part of a ReadProcessMemory or WriteProcessMemory request was completed. (0x12B)
[0616/183635.674:ERROR:process_memory_win.cc(73)] ReadMemory at 0x9159a4d000 of 12288 bytes failed: Only part of a ReadProcessMemory or WriteProcessMemory request was completed. (0x12B)
[0616/183635.674:ERROR:process_memory_win.cc(73)] ReadMemory at 0x9159c49000 of 28672 bytes failed: Only part of a ReadProcessMemory or WriteProcessMemory request was completed. (0x12B)
[0616/183635.675:ERROR:process_memory_win.cc(73)] ReadMemory at 0x9159e4c000 of 16384 bytes failed: Only part of a ReadProcessMemory or WriteProcessMemory request was completed. (0x12B)
[0616/183635.675:ERROR:process_memory_win.cc(73)] ReadMemory at 0x915a04b000 of 20480 bytes failed: Only part of a ReadProcessMemory or WriteProcessMemory request was completed. (0x12B)
[0616/183635.675:ERROR:process_memory_win.cc(73)] ReadMemory at 0x915a24f000 of 4096 bytes failed: Only part of a ReadProcessMemory or WriteProcessMemory request was completed. (0x12B)
[0616/183635.675:ERROR:process_memory_win.cc(73)] ReadMemory at 0x915a44d000 of 12288 bytes failed: Only part of a ReadProcessMemory or WriteProcessMemory request was completed. (0x12B)
[0616/183635.675:ERROR:process_memory_win.cc(73)] ReadMemory at 0x915a84b000 of 20480 bytes failed: Only part of a ReadProcessMemory or WriteProcessMemory request was completed. (0x12B)
[0616/183635.676:ERROR:process_memory_win.cc(73)] ReadMemory at 0x915aa4d000 of 12288 bytes failed: Only part of a ReadProcessMemory or WriteProcessMemory request was completed. (0x12B)
[0616/183635.676:ERROR:process_memory_win.cc(73)] ReadMemory at 0x915ae45000 of 45056 bytes failed: Only part of a ReadProcessMemory or WriteProcessMemory request was completed. (0x12B)
[0616/183635.676:ERROR:process_memory_win.cc(73)] ReadMemory at 0x915b046000 of 40960 bytes failed: Only part of a ReadProcessMemory or WriteProcessMemory request was completed. (0x12B)
[0616/183635.676:ERROR:process_memory_win.cc(73)] ReadMemory at 0x915b24d000 of 12288 bytes failed: Only part of a ReadProcessMemory or WriteProcessMemory request was completed. (0x12B)
[0616/183635.676:ERROR:process_memory_win.cc(73)] ReadMemory at 0x915b5bd000 of 12288 bytes failed: Only part of a ReadProcessMemory or WriteProcessMemory request was completed. (0x12B)
[0616/183635.677:ERROR:process_memory_win.cc(73)] ReadMemory at 0x915d64d000 of 12288 bytes failed: Only part of a ReadProcessMemory or WriteProcessMemory request was completed. (0x12B)
[0616/183635.677:ERROR:process_memory_win.cc(73)] ReadMemory at 0x9157830780 of 62 bytes failed: Only part of a ReadProcessMemory or WriteProcessMemory request was completed. (0x12B)
[0616/183635.677:ERROR:process_memory_win.cc(73)] ReadMemory at 0x9157830860 of 3796 bytes failed: Only part of a ReadProcessMemory or WriteProcessMemory request was completed. (0x12B)
[0616/183635.677:ERROR:process_memory_win.cc(73)] ReadMemory at 0x9157831740 of 1012 bytes failed: Only part of a ReadProcessMemory or WriteProcessMemory request was completed. (0x12B)
[0616/183635.677:ERROR:process_memory_win.cc(73)] ReadMemory at 0x9157831d58 of 118 bytes failed: Only part of a ReadProcessMemory or WriteProcessMemory request was completed. (0x12B)
[0616/183635.677:ERROR:process_memory_win.cc(73)] ReadMemory at 0x9157831dd0 of 958 bytes failed: Only part of a ReadProcessMemory or WriteProcessMemory request was completed. (0x12B)
[0616/183635.677:ERROR:process_memory_win.cc(73)] ReadMemory at 0x9157832190 of 118 bytes failed: Only part of a ReadProcessMemory or WriteProcessMemory request was completed. (0x12B)
[0616/183635.677:ERROR:process_memory_win.cc(73)] ReadMemory at 0x9157832208 of 94 bytes failed: Only part of a ReadProcessMemory or WriteProcessMemory request was completed. (0x12B)
[0616/183635.677:ERROR:process_memory_win.cc(73)] ReadMemory at 0x9157832280 of 58 bytes failed: Only part of a ReadProcessMemory or WriteProcessMemory request was completed. (0x12B)
[0616/183635.677:ERROR:process_memory_win.cc(73)] ReadMemory at 0x9157832380 of 132 bytes failed: Only part of a ReadProcessMemory or WriteProcessMemory request was completed. (0x12B)
[0616/183635.677:ERROR:process_memory_win.cc(73)] ReadMemory at 0x9157832500 of 132 bytes failed: Only part of a ReadProcessMemory or WriteProcessMemory request was completed. (0x12B)
[0616/183635.677:ERROR:process_memory_win.cc(73)] ReadMemory at 0x9157832710 of 124 bytes failed: Only part of a ReadProcessMemory or WriteProcessMemory request was completed. (0x12B)
[0616/183635.677:ERROR:process_memory_win.cc(73)] ReadMemory at 0x9157832a00 of 64 bytes failed: Only part of a ReadProcessMemory or WriteProcessMemory request was completed. (0x12B)
[0616/183635.677:ERROR:process_memory_win.cc(73)] ReadMemory at 0x9157832a50 of 132 bytes failed: Only part of a ReadProcessMemory or WriteProcessMemory request was completed. (0x12B)
[0616/183635.677:ERROR:process_memory_win.cc(73)] ReadMemory at 0x9157832dc0 of 68 bytes failed: Only part of a ReadProcessMemory or WriteProcessMemory request was completed. (0x12B)
[0616/183635.677:ERROR:process_memory_win.cc(73)] ReadMemory at 0x9157832e10 of 132 bytes failed: Only part of a ReadProcessMemory or WriteProcessMemory request was completed. (0x12B)
[0616/183635.677:ERROR:process_memory_win.cc(73)] ReadMemory at 0x9157833bd0 of 152 bytes failed: Only part of a ReadProcessMemory or WriteProcessMemory request was completed. (0x12B)
[0616/183635.678:ERROR:process_memory_win.cc(73)] ReadMemory at 0x9157833c80 of 132 bytes failed: Only part of a ReadProcessMemory or WriteProcessMemory request was completed. (0x12B)
[0616/183635.678:ERROR:process_memory_win.cc(73)] ReadMemory at 0x9157833da0 of 62 bytes failed: Only part of a ReadProcessMemory or WriteProcessMemory request was completed. (0x12B)
[0616/183635.678:ERROR:process_memory_win.cc(73)] ReadMemory at 0x9157833df0 of 132 bytes failed: Only part of a ReadProcessMemory or WriteProcessMemory request was completed. (0x12B)
[0616/183635.678:ERROR:process_memory_win.cc(73)] ReadMemory at 0x9157834000 of 64 bytes failed: Only part of a ReadProcessMemory or WriteProcessMemory request was completed. (0x12B)
[0616/183635.678:ERROR:process_memory_win.cc(73)] ReadMemory at 0x9157834050 of 132 bytes failed: Only part of a ReadProcessMemory or WriteProcessMemory request was completed. (0x12B)
[0616/183635.678:ERROR:process_memory_win.cc(73)] ReadMemory at 0x9157834260 of 60 bytes failed: Only part of a ReadProcessMemory or WriteProcessMemory request was completed. (0x12B)
[0616/183635.678:ERROR:process_memory_win.cc(73)] ReadMemory at 0x91578342b0 of 132 bytes failed: Only part of a ReadProcessMemory or WriteProcessMemory request was completed. (0x12B)
[0616/183635.678:ERROR:process_memory_win.cc(73)] ReadMemory at 0x9157834570 of 62 bytes failed: Only part of a ReadProcessMemory or WriteProcessMemory request was completed. (0x12B)
[0616/183635.678:ERROR:process_memory_win.cc(73)] ReadMemory at 0x91578345c0 of 132 bytes failed: Only part of a ReadProcessMemory or WriteProcessMemory request was completed. (0x12B)
[0616/183635.678:ERROR:process_memory_win.cc(73)] ReadMemory at 0x91578346e0 of 132 bytes failed: Only part of a ReadProcessMemory or WriteProcessMemory request was completed. (0x12B)
[0616/183635.678:ERROR:process_memory_win.cc(73)] ReadMemory at 0x91578348b0 of 58 bytes failed: Only part of a ReadProcessMemory or WriteProcessMemory request was completed. (0x12B)
[0616/183635.678:ERROR:process_memory_win.cc(73)] ReadMemory at 0x9157834900 of 62 bytes failed: Only part of a ReadProcessMemory or WriteProcessMemory request was completed. (0x12B)
[0616/183635.678:ERROR:process_memory_win.cc(73)] ReadMemory at 0x9157838080 of 132 bytes failed: Only part of a ReadProcessMemory or WriteProcessMemory request was completed. (0x12B)
[0616/183635.678:ERROR:process_memory_win.cc(73)] ReadMemory at 0x91578381a0 of 132 bytes failed: Only part of a ReadProcessMemory or WriteProcessMemory request was completed. (0x12B)
[0616/183635.678:ERROR:process_memory_win.cc(73)] ReadMemory at 0x91578386f0 of 60 bytes failed: Only part of a ReadProcessMemory or WriteProcessMemory request was completed. (0x12B)
[0616/183635.678:ERROR:process_memory_win.cc(73)] ReadMemory at 0x9157838ce0 of 132 bytes failed: Only part of a ReadProcessMemory or WriteProcessMemory request was completed. (0x12B)
[0616/183635.678:ERROR:process_memory_win.cc(73)] ReadMemory at 0x9157838ea0 of 64 bytes failed: Only part of a ReadProcessMemory or WriteProcessMemory request was completed. (0x12B)
[0616/183635.678:ERROR:process_memory_win.cc(73)] ReadMemory at 0x9157838fe0 of 58 bytes failed: Only part of a ReadProcessMemory or WriteProcessMemory request was completed. (0x12B)
[0616/183635.678:ERROR:process_memory_win.cc(73)] ReadMemory at 0x9157839080 of 62 bytes failed: Only part of a ReadProcessMemory or WriteProcessMemory request was completed. (0x12B)
[0616/183635.678:ERROR:process_memory_win.cc(73)] ReadMemory at 0x91578390d0 of 62 bytes failed: Only part of a ReadProcessMemory or WriteProcessMemory request was completed. (0x12B)
[0616/183635.678:ERROR:process_memory_win.cc(73)] ReadMemory at 0x9157839120 of 60 bytes failed: Only part of a ReadProcessMemory or WriteProcessMemory request was completed. (0x12B)
[0616/183635.678:ERROR:process_memory_win.cc(73)] ReadMemory at 0x9157839170 of 66 bytes failed: Only part of a ReadProcessMemory or WriteProcessMemory request was completed. (0x12B)
[0616/183635.692:ERROR:process_memory_win.cc(73)] ReadMemory at 0x91578391c0 of 62 bytes failed: Only part of a ReadProcessMemory or WriteProcessMemory request was completed. (0x12B)
[0616/183635.692:ERROR:process_memory_win.cc(73)] ReadMemory at 0x9157839210 of 58 bytes failed: Only part of a ReadProcessMemory or WriteProcessMemory request was completed. (0x12B)
[0616/183635.692:ERROR:process_memory_win.cc(73)] ReadMemory at 0x91578392b0 of 66 bytes failed: Only part of a ReadProcessMemory or WriteProcessMemory request was completed. (0x12B)
[0616/183635.692:ERROR:process_memory_win.cc(73)] ReadMemory at 0x9157839300 of 60 bytes failed: Only part of a ReadProcessMemory or WriteProcessMemory request was completed. (0x12B)
[0616/183635.692:ERROR:process_memory_win.cc(73)] ReadMemory at 0x9157839440 of 62 bytes failed: Only part of a ReadProcessMemory or WriteProcessMemory request was completed. (0x12B)
[0616/183635.692:ERROR:process_memory_win.cc(73)] ReadMemory at 0x9157839490 of 58 bytes failed: Only part of a ReadProcessMemory or WriteProcessMemory request was completed. (0x12B)
[0616/183635.692:ERROR:process_memory_win.cc(73)] ReadMemory at 0x9157839610 of 132 bytes failed: Only part of a ReadProcessMemory or WriteProcessMemory request was completed. (0x12B)
[0616/183635.708:ERROR:process_memory_win.cc(73)] ReadMemory at 0x91578397c0 of 132 bytes failed: Only part of a ReadProcessMemory or WriteProcessMemory request was completed. (0x12B)
[0616/183635.708:ERROR:process_memory_win.cc(73)] ReadMemory at 0x9157839cf0 of 156 bytes failed: Only part of a ReadProcessMemory or WriteProcessMemory request was completed. (0x12B)
[0616/183635.708:ERROR:process_memory_win.cc(73)] ReadMemory at 0x9157839db0 of 132 bytes failed: Only part of a ReadProcessMemory or WriteProcessMemory request was completed. (0x12B)
[0616/183635.708:ERROR:process_memory_win.cc(73)] ReadMemory at 0x9157839ed0 of 132 bytes failed: Only part of a ReadProcessMemory or WriteProcessMemory request was completed. (0x12B)
[0616/183635.708:ERROR:process_memory_win.cc(73)] ReadMemory at 0x9157839fe0 of 544 bytes failed: Only part of a ReadProcessMemory or WriteProcessMemory request was completed. (0x12B)
[0616/183635.708:ERROR:process_memory_win.cc(73)] ReadMemory at 0x915783a3b0 of 132 bytes failed: Only part of a ReadProcessMemory or WriteProcessMemory request was completed. (0x12B)
[0616/183635.708:ERROR:process_memory_win.cc(73)] ReadMemory at 0x915783a4d0 of 132 bytes failed: Only part of a ReadProcessMemory or WriteProcessMemory request was completed. (0x12B)
[0616/183635.708:ERROR:process_memory_win.cc(73)] ReadMemory at 0x915783a5f0 of 132 bytes failed: Only part of a ReadProcessMemory or WriteProcessMemory request was completed. (0x12B)
[0616/183635.708:ERROR:process_memory_win.cc(73)] ReadMemory at 0x915783a710 of 132 bytes failed: Only part of a ReadProcessMemory or WriteProcessMemory request was completed. (0x12B)
[0616/183635.708:ERROR:process_memory_win.cc(73)] ReadMemory at 0x915783a830 of 132 bytes failed: Only part of a ReadProcessMemory or WriteProcessMemory request was completed. (0x12B)
[0616/183635.708:ERROR:process_memory_win.cc(73)] ReadMemory at 0x915783a950 of 132 bytes failed: Only part of a ReadProcessMemory or WriteProcessMemory request was completed. (0x12B)
[0616/183635.708:ERROR:process_memory_win.cc(73)] ReadMemory at 0x915783aa70 of 132 bytes failed: Only part of a ReadProcessMemory or WriteProcessMemory request was completed. (0x12B)
[0616/183635.708:ERROR:process_memory_win.cc(73)] ReadMemory at 0x915783ab90 of 132 bytes failed: Only part of a ReadProcessMemory or WriteProcessMemory request was completed. (0x12B)
[0616/183635.708:ERROR:process_memory_win.cc(73)] ReadMemory at 0x915783acb0 of 132 bytes failed: Only part of a ReadProcessMemory or WriteProcessMemory request was completed. (0x12B)
[0616/183635.708:ERROR:process_memory_win.cc(73)] ReadMemory at 0x915783add0 of 132 bytes failed: Only part of a ReadProcessMemory or WriteProcessMemory request was completed. (0x12B)
[0616/183635.708:ERROR:process_memory_win.cc(73)] ReadMemory at 0x915783aef0 of 132 bytes failed: Only part of a ReadProcessMemory or WriteProcessMemory request was completed. (0x12B)
[0616/183635.708:ERROR:process_memory_win.cc(73)] ReadMemory at 0x915783b010 of 132 bytes failed: Only part of a ReadProcessMemory or WriteProcessMemory request was completed. (0x12B)
[0616/183635.708:ERROR:process_memory_win.cc(73)] ReadMemory at 0x915783b130 of 132 bytes failed: Only part of a ReadProcessMemory or WriteProcessMemory request was completed. (0x12B)
[0616/183635.708:ERROR:process_memory_win.cc(73)] ReadMemory at 0x915783b620 of 54 bytes failed: Only part of a ReadProcessMemory or WriteProcessMemory request was completed. (0x12B)
[0616/183635.708:ERROR:process_memory_win.cc(73)] ReadMemory at 0x915783c1c0 of 80 bytes failed: Only part of a ReadProcessMemory or WriteProcessMemory request was completed. (0x12B)
[0616/183635.708:ERROR:process_memory_win.cc(73)] ReadMemory at 0x915783c820 of 80 bytes failed: Only part of a ReadProcessMemory or WriteProcessMemory request was completed. (0x12B)
[0616/183635.708:ERROR:process_memory_win.cc(73)] ReadMemory at 0x915783f1e0 of 64 bytes failed: Only part of a ReadProcessMemory or WriteProcessMemory request was completed. (0x12B)
[0616/183635.708:ERROR:process_memory_win.cc(73)] ReadMemory at 0x915783f230 of 62 bytes failed: Only part of a ReadProcessMemory or WriteProcessMemory request was completed. (0x12B)
[0616/183635.708:ERROR:process_memory_win.cc(73)] ReadMemory at 0x915783f2d0 of 60 bytes failed: Only part of a ReadProcessMemory or WriteProcessMemory request was completed. (0x12B)
[0616/183635.708:ERROR:process_memory_win.cc(73)] ReadMemory at 0x915783f320 of 62 bytes failed: Only part of a ReadProcessMemory or WriteProcessMemory request was completed. (0x12B)
[0616/183635.708:ERROR:process_memory_win.cc(73)] ReadMemory at 0x915783f410 of 64 bytes failed: Only part of a ReadProcessMemory or WriteProcessMemory request was completed. (0x12B)
[0616/183635.708:ERROR:process_memory_win.cc(73)] ReadMemory at 0x915783f4b0 of 64 bytes failed: Only part of a ReadProcessMemory or WriteProcessMemory request was completed. (0x12B)
[0616/183635.708:ERROR:process_memory_win.cc(73)] ReadMemory at 0x915783f550 of 64 bytes failed: Only part of a ReadProcessMemory or WriteProcessMemory request was completed. (0x12B)
[0616/183635.708:ERROR:process_memory_win.cc(73)] ReadMemory at 0x915783f5a0 of 62 bytes failed: Only part of a ReadProcessMemory or WriteProcessMemory request was completed. (0x12B)
[0616/183635.708:ERROR:process_memory_win.cc(73)] ReadMemory at 0x915783f820 of 60 bytes failed: Only part of a ReadProcessMemory or WriteProcessMemory request was completed. (0x12B)
[0616/183635.708:ERROR:process_memory_win.cc(73)] ReadMemory at 0x915783f870 of 60 bytes failed: Only part of a ReadProcessMemory or WriteProcessMemory request was completed. (0x12B)
[0616/183635.708:ERROR:process_memory_win.cc(73)] ReadMemory at 0x915783f8c0 of 64 bytes failed: Only part of a ReadProcessMemory or WriteProcessMemory request was completed. (0x12B)
[0616/183635.708:ERROR:process_memory_win.cc(73)] ReadMemory at 0x915783f910 of 56 bytes failed: Only part of a ReadProcessMemory or WriteProcessMemory request was completed. (0x12B)
[0616/183635.708:ERROR:process_memory_win.cc(73)] ReadMemory at 0x915783f960 of 58 bytes failed: Only part of a ReadProcessMemory or WriteProcessMemory request was completed. (0x12B)
[0616/183635.708:ERROR:process_memory_win.cc(73)] ReadMemory at 0x915783f9b0 of 60 bytes failed: Only part of a ReadProcessMemory or WriteProcessMemory request was completed. (0x12B)
[0616/183635.708:ERROR:process_memory_win.cc(73)] ReadMemory at 0x915783fa00 of 62 bytes failed: Only part of a ReadProcessMemory or WriteProcessMemory request was completed. (0x12B)
[0616/183635.708:ERROR:process_memory_win.cc(73)] ReadMemory at 0x915783faf0 of 60 bytes failed: Only part of a ReadProcessMemory or WriteProcessMemory request was completed. (0x12B)
[0616/183635.708:ERROR:process_memory_win.cc(73)] ReadMemory at 0x915783fb90 of 64 bytes failed: Only part of a ReadProcessMemory or WriteProcessMemory request was completed. (0x12B)
[0616/183635.708:ERROR:process_memory_win.cc(73)] ReadMemory at 0x915783fbe0 of 62 bytes failed: Only part of a ReadProcessMemory or WriteProcessMemory request was completed. (0x12B)
[0616/183635.708:ERROR:process_memory_win.cc(73)] ReadMemory at 0x915783fc30 of 60 bytes failed: Only part of a ReadProcessMemory or WriteProcessMemory request was completed. (0x12B)
[0616/183635.708:ERROR:process_memory_win.cc(73)] ReadMemory at 0x915783fc80 of 64 bytes failed: Only part of a ReadProcessMemory or WriteProcessMemory request was completed. (0x12B)
[0616/183635.708:ERROR:process_memory_win.cc(73)] ReadMemory at 0x915783fcd0 of 58 bytes failed: Only part of a ReadProcessMemory or WriteProcessMemory request was completed. (0x12B)
[0616/183635.708:ERROR:process_memory_win.cc(73)] ReadMemory at 0x915783ff00 of 60 bytes failed: Only part of a ReadProcessMemory or WriteProcessMemory request was completed. (0x12B)
[0616/183635.708:ERROR:process_memory_win.cc(73)] ReadMemory at 0x915783ff50 of 64 bytes failed: Only part of a ReadProcessMemory or WriteProcessMemory request was completed. (0x12B)
[0616/183635.708:ERROR:process_memory_win.cc(73)] ReadMemory at 0x91578430f0 of 248 bytes failed: Only part of a ReadProcessMemory or WriteProcessMemory request was completed. (0x12B)
[0616/183635.708:ERROR:process_memory_win.cc(73)] ReadMemory at 0x915784346a of 512 bytes failed: Only part of a ReadProcessMemory or WriteProcessMemory request was completed. (0x12B)
[0616/183635.708:ERROR:process_memory_win.cc(73)] ReadMemory at 0x9157845720 of 132 bytes failed: Only part of a ReadProcessMemory or WriteProcessMemory request was completed. (0x12B)
[0616/183635.708:ERROR:process_memory_win.cc(73)] ReadMemory at 0x9157845960 of 132 bytes failed: Only part of a ReadProcessMemory or WriteProcessMemory request was completed. (0x12B)
[0616/183635.708:ERROR:process_memory_win.cc(73)] ReadMemory at 0x9157845a80 of 132 bytes failed: Only part of a ReadProcessMemory or WriteProcessMemory request was completed. (0x12B)
[0616/183635.708:ERROR:process_memory_win.cc(73)] ReadMemory at 0x9157845ba0 of 132 bytes failed: Only part of a ReadProcessMemory or WriteProcessMemory request was completed. (0x12B)
[0616/183635.708:ERROR:process_memory_win.cc(73)] ReadMemory at 0x9157845cc0 of 132 bytes failed: Only part of a ReadProcessMemory or WriteProcessMemory request was completed. (0x12B)
[0616/183635.708:ERROR:process_memory_win.cc(73)] ReadMemory at 0x9157845de0 of 132 bytes failed: Only part of a ReadProcessMemory or WriteProcessMemory request was completed. (0x12B)
[0616/183635.708:ERROR:process_memory_win.cc(73)] ReadMemory at 0x9157845f00 of 132 bytes failed: Only part of a ReadProcessMemory or WriteProcessMemory request was completed. (0x12B)
[0616/183635.708:ERROR:process_memory_win.cc(73)] ReadMemory at 0x9157846020 of 132 bytes failed: Only part of a ReadProcessMemory or WriteProcessMemory request was completed. (0x12B)
[0616/183635.708:ERROR:process_memory_win.cc(73)] ReadMemory at 0x9157846140 of 132 bytes failed: Only part of a ReadProcessMemory or WriteProcessMemory request was completed. (0x12B)
[0616/183635.708:ERROR:process_memory_win.cc(73)] ReadMemory at 0x9157846260 of 132 bytes failed: Only part of a ReadProcessMemory or WriteProcessMemory request was completed. (0x12B)
[0616/183635.708:ERROR:process_memory_win.cc(73)] ReadMemory at 0x9157846380 of 132 bytes failed: Only part of a ReadProcessMemory or WriteProcessMemory request was completed. (0x12B)
[0616/183635.708:ERROR:process_memory_win.cc(73)] ReadMemory at 0x91578464a0 of 132 bytes failed: Only part of a ReadProcessMemory or WriteProcessMemory request was completed. (0x12B)
[0616/183635.708:ERROR:process_memory_win.cc(73)] ReadMemory at 0x91578465c0 of 132 bytes failed: Only part of a ReadProcessMemory or WriteProcessMemory request was completed. (0x12B)
[0616/183635.708:ERROR:process_memory_win.cc(73)] ReadMemory at 0x91578466e0 of 132 bytes failed: Only part of a ReadProcessMemory or WriteProcessMemory request was completed. (0x12B)
[0616/183635.708:ERROR:process_memory_win.cc(73)] ReadMemory at 0x9157846800 of 132 bytes failed: Only part of a ReadProcessMemory or WriteProcessMemory request was completed. (0x12B)
[0616/183635.708:ERROR:process_memory_win.cc(73)] ReadMemory at 0x9157846a40 of 132 bytes failed: Only part of a ReadProcessMemory or WriteProcessMemory request was completed. (0x12B)
[0616/183635.708:ERROR:process_memory_win.cc(73)] ReadMemory at 0x9157846c80 of 132 bytes failed: Only part of a ReadProcessMemory or WriteProcessMemory request was completed. (0x12B)
[0616/183635.708:ERROR:process_memory_win.cc(73)] ReadMemory at 0x9157846da0 of 132 bytes failed: Only part of a ReadProcessMemory or WriteProcessMemory request was completed. (0x12B)
[0616/183635.708:ERROR:process_memory_win.cc(73)] ReadMemory at 0x9157846ec0 of 132 bytes failed: Only part of a ReadProcessMemory or WriteProcessMemory request was completed. (0x12B)
[0616/183635.708:ERROR:process_memory_win.cc(73)] ReadMemory at 0x9157846fe0 of 132 bytes failed: Only part of a ReadProcessMemory or WriteProcessMemory request was completed. (0x12B)
[0616/183635.708:ERROR:process_memory_win.cc(73)] ReadMemory at 0x9157847100 of 132 bytes failed: Only part of a ReadProcessMemory or WriteProcessMemory request was completed. (0x12B)
[0616/183635.708:ERROR:process_memory_win.cc(73)] ReadMemory at 0x9157847340 of 132 bytes failed: Only part of a ReadProcessMemory or WriteProcessMemory request was completed. (0x12B)
[0616/183635.708:ERROR:process_memory_win.cc(73)] ReadMemory at 0x9157847460 of 132 bytes failed: Only part of a ReadProcessMemory or WriteProcessMemory request was completed. (0x12B)
[0616/183635.708:ERROR:process_memory_win.cc(73)] ReadMemory at 0x915784f480 of 512 bytes failed: Only part of a ReadProcessMemory or WriteProcessMemory request was completed. (0x12B)
[0616/183635.708:ERROR:process_memory_win.cc(73)] ReadMemory at 0x915784ff20 of 512 bytes failed: Only part of a ReadProcessMemory or WriteProcessMemory request was completed. (0x12B)
[0616/183635.708:ERROR:process_memory_win.cc(73)] ReadMemory at 0x91578502a0 of 512 bytes failed: Only part of a ReadProcessMemory or WriteProcessMemory request was completed. (0x12B)
[0616/183635.708:ERROR:process_memory_win.cc(73)] ReadMemory at 0x9157972170 of 512 bytes failed: Only part of a ReadProcessMemory or WriteProcessMemory request was completed. (0x12B)
[0616/183635.708:ERROR:process_memory_win.cc(73)] ReadMemory at 0x9157974d00 of 512 bytes failed: Only part of a ReadProcessMemory or WriteProcessMemory request was completed. (0x12B)
[0616/183635.708:ERROR:process_memory_win.cc(73)] ReadMemory at 0x915798e6c0 of 712 bytes failed: Only part of a ReadProcessMemory or WriteProcessMemory request was completed. (0x12B)
[0616/183635.708:ERROR:process_memory_win.cc(73)] ReadMemory at 0x915798e9b0 of 512 bytes failed: Only part of a ReadProcessMemory or WriteProcessMemory request was completed. (0x12B)
[0616/183635.708:ERROR:process_memory_win.cc(73)] ReadMemory at 0x915798ff50 of 512 bytes failed: Only part of a ReadProcessMemory or WriteProcessMemory request was completed. (0x12B)
[0616/183635.708:ERROR:process_memory_win.cc(73)] ReadMemory at 0x915a617970 of 512 bytes failed: Only part of a ReadProcessMemory or WriteProcessMemory request was completed. (0x12B)
[0616/183635.708:ERROR:process_memory_win.cc(73)] ReadMemory at 0x915b71f660 of 512 bytes failed: Only part of a ReadProcessMemory or WriteProcessMemory request was completed. (0x12B)
[0616/183635.708:ERROR:process_memory_win.cc(73)] ReadMemory at 0x915b757280 of 512 bytes failed: Only part of a ReadProcessMemory or WriteProcessMemory request was completed. (0x12B)
[0616/183635.708:ERROR:process_memory_win.cc(73)] ReadMemory at 0x915ba46330 of 512 bytes failed: Only part of a ReadProcessMemory or WriteProcessMemory request was completed. (0x12B)
[0616/183635.708:ERROR:process_memory_win.cc(73)] ReadMemory at 0x6316f68242b8 of 512 bytes failed: Only part of a ReadProcessMemory or WriteProcessMemory request was completed. (0x12B)
[0616/183635.708:ERROR:process_memory_win.cc(73)] ReadMemory at 0x6316f6828bf0 of 600 bytes failed: Only part of a ReadProcessMemory or WriteProcessMemory request was completed. (0x12B)
[0616/183635.708:ERROR:process_memory_win.cc(73)] ReadMemory at 0x75000343fb80 of 512 bytes failed: Only part of a ReadProcessMemory or WriteProcessMemory request was completed. (0x12B)
[0616/183635.708:ERROR:process_memory_win.cc(73)] ReadMemory at 0x7ff6e31ce000 of 6024 bytes failed: Only part of a ReadProcessMemory or WriteProcessMemory request was completed. (0x12B)
[0616/183635.708:ERROR:process_memory_win.cc(73)] ReadMemory at 0x7ff6e31d0000 of 6024 bytes failed: Only part of a ReadProcessMemory or WriteProcessMemory request was completed. (0x12B)
[0616/183635.708:ERROR:process_memory_win.cc(73)] ReadMemory at 0x7ff6e31d2000 of 6024 bytes failed: Only part of a ReadProcessMemory or WriteProcessMemory request was completed. (0x12B)
[0616/183635.708:ERROR:process_memory_win.cc(73)] ReadMemory at 0x7ff6e31d4000 of 6024 bytes failed: Only part of a ReadProcessMemory or WriteProcessMemory request was completed. (0x12B)
[0616/183635.708:ERROR:process_memory_win.cc(73)] ReadMemory at 0x7ff6e31d6000 of 6024 bytes failed: Only part of a ReadProcessMemory or WriteProcessMemory request was completed. (0x12B)
[0616/183635.708:ERROR:process_memory_win.cc(73)] ReadMemory at 0x7ff6e31d8000 of 6024 bytes failed: Only part of a ReadProcessMemory or WriteProcessMemory request was completed. (0x12B)
[0616/183635.708:ERROR:process_memory_win.cc(73)] ReadMemory at 0x7ff6e31da000 of 6024 bytes failed: Only part of a ReadProcessMemory or WriteProcessMemory request was completed. (0x12B)
[0616/183635.708:ERROR:process_memory_win.cc(73)] ReadMemory at 0x7ff6e31dc000 of 6024 bytes failed: Only part of a ReadProcessMemory or WriteProcessMemory request was completed. (0x12B)
[0616/183635.708:ERROR:process_memory_win.cc(73)] ReadMemory at 0x7ff6e31de000 of 6024 bytes failed: Only part of a ReadProcessMemory or WriteProcessMemory request was completed. (0x12B)
[0616/183635.708:ERROR:process_memory_win.cc(73)] ReadMemory at 0x7ff6e3304000 of 6024 bytes failed: Only part of a ReadProcessMemory or WriteProcessMemory request was completed. (0x12B)
[0616/183635.708:ERROR:process_memory_win.cc(73)] ReadMemory at 0x7ff6e3306000 of 6024 bytes failed: Only part of a ReadProcessMemory or WriteProcessMemory request was completed. (0x12B)
[0616/183635.708:ERROR:process_memory_win.cc(73)] ReadMemory at 0x7ff6e3308000 of 6024 bytes failed: Only part of a ReadProcessMemory or WriteProcessMemory request was completed. (0x12B)
[0616/183635.708:ERROR:process_memory_win.cc(73)] ReadMemory at 0x7ff6e330a000 of 6024 bytes failed: Only part of a ReadProcessMemory or WriteProcessMemory request was completed. (0x12B)
[0616/183635.708:ERROR:process_memory_win.cc(73)] ReadMemory at 0x7ff6e330c000 of 6024 bytes failed: Only part of a ReadProcessMemory or WriteProcessMemory request was completed. (0x12B)
[0616/183635.708:ERROR:process_memory_win.cc(73)] ReadMemory at 0x7ff6e330e000 of 852 bytes failed: Only part of a ReadProcessMemory or WriteProcessMemory request was completed. (0x12B)
[0616/183635.708:ERROR:process_memory_win.cc(73)] ReadMemory at 0x7ffedf0f068c of 512 bytes failed: Only part of a ReadProcessMemory or WriteProcessMemory request was completed. (0x12B)
[0616/183635.708:ERROR:process_memory_win.cc(73)] ReadMemory at 0x7ffedf819a74 of 512 bytes failed: Only part of a ReadProcessMemory or WriteProcessMemory request was completed. (0x12B)
[0616/183635.708:ERROR:process_memory_win.cc(73)] ReadMemory at 0x7ffee1e91e8b of 512 bytes failed: Only part of a ReadProcessMemory or WriteProcessMemory request was completed. (0x12B)
[0616/183635.708:ERROR:process_memory_win.cc(73)] ReadMemory at 0x7ffef183978a of 512 bytes failed: Only part of a ReadProcessMemory or WriteProcessMemory request was completed. (0x12B)
[0616/183635.708:ERROR:process_memory_win.cc(73)] ReadMemory at 0x7fff01a20fb0 of 512 bytes failed: Only part of a ReadProcessMemory or WriteProcessMemory request was completed. (0x12B)
[0616/183635.708:ERROR:process_memory_win.cc(73)] ReadMemory at 0x7fff020195e0 of 18 bytes failed: Only part of a ReadProcessMemory or WriteProcessMemory request was completed. (0x12B)
[0616/183635.708:ERROR:process_memory_win.cc(73)] ReadMemory at 0x7fff0202c4f0 of 512 bytes failed: Only part of a ReadProcessMemory or WriteProcessMemory request was completed. (0x12B)
[0616/183635.708:ERROR:process_memory_win.cc(73)] ReadMemory at 0x7fff0204acd0 of 512 bytes failed: Only part of a ReadProcessMemory or WriteProcessMemory request was completed. (0x12B)
[0616/183635.708:ERROR:process_memory_win.cc(73)] ReadMemory at 0x7fff020a071a of 592 bytes failed: Only part of a ReadProcessMemory or WriteProcessMemory request was completed. (0x12B)
[0616/183635.708:ERROR:process_memory_win.cc(73)] ReadMemory at 0x7fff020a0a1a of 512 bytes failed: Only part of a ReadProcessMemory or WriteProcessMemory request was completed. (0x12B)
[0616/183635.708:ERROR:process_memory_win.cc(73)] ReadMemory at 0x7fff020a219a of 560 bytes failed: Only part of a ReadProcessMemory or WriteProcessMemory request was completed. (0x12B)
[0616/183635.708:ERROR:process_memory_win.cc(73)] ReadMemory at 0x7fff0213e8a8 of 40 bytes failed: Only part of a ReadProcessMemory or WriteProcessMemory request was completed. (0x12B)
[0616/183635.708:ERROR:process_memory_win.cc(73)] ReadMemory at 0x7fff0213ebe0 of 48 bytes failed: Only part of a ReadProcessMemory or WriteProcessMemory request was completed. (0x12B)
[0616/183635.708:ERROR:process_memory_win.cc(73)] ReadMemory at 0x7fff02141320 of 64 bytes failed: Only part of a ReadProcessMemory or WriteProcessMemory request was completed. (0x12B)
[0616/183635.708:ERROR:scoped_process_suspend.cc(40)] NtResumeProcess: An attempt was made to access an exiting process. (0xc000010a)
